2019-04-25 14:21:44 | [INFO]    | Discordia 2.6.0
2019-04-25 14:21:44 | [INFO]    | Connecting to Discord...
2019-04-25 14:21:44 | [INFO]    | Authenticated as Dredious#4529
2019-04-25 14:21:45 | [INFO]    | Launching shard 0 (1 out of 1)...
2019-04-25 14:21:46 | [INFO]    | Shard 0 : Connected to wss://gateway.discord.gg
2019-04-25 14:21:46 | [INFO]    | Shard 0 : Received HELLO (gateway-prd-main-mw2w)
2019-04-25 14:21:46 | [INFO]    | Shard 0 : Received READY (gateway-prd-main-mw2w, discord-sessions-prd-1-7)
2019-04-25 14:26:55 | [INFO]    | Discordia 2.6.0
2019-04-25 14:26:55 | [INFO]    | Connecting to Discord...
2019-04-25 14:26:56 | [INFO]    | Authenticated as Dredious#4529
2019-04-25 14:26:56 | [INFO]    | Launching shard 0 (1 out of 1)...
2019-04-25 14:26:57 | [INFO]    | Shard 0 : Connected to wss://gateway.discord.gg
2019-04-25 14:26:57 | [INFO]    | Shard 0 : Received HELLO (gateway-prd-main-6xv9)
2019-04-25 14:26:57 | [INFO]    | Shard 0 : Received READY (gateway-prd-main-6xv9, discord-sessions-prd-1-20)
2019-04-25 14:35:54 | [INFO]    | Discordia 2.6.0
2019-04-25 14:35:54 | [INFO]    | Connecting to Discord...
2019-04-25 14:35:54 | [INFO]    | Authenticated as Dredious#4529
2019-04-25 14:35:54 | [INFO]    | Launching shard 0 (1 out of 1)...
2019-04-25 14:35:55 | [INFO]    | Shard 0 : Connected to wss://gateway.discord.gg
2019-04-25 14:35:55 | [INFO]    | Shard 0 : Received HELLO (gateway-prd-main-dp3d)
2019-04-25 14:35:55 | [INFO]    | Shard 0 : Received READY (gateway-prd-main-dp3d, discord-sessions-prd-1-22)
2019-04-25 14:37:04 | [INFO]    | Discordia 2.6.0
2019-04-25 14:37:04 | [INFO]    | Connecting to Discord...
2019-04-25 14:37:05 | [INFO]    | Authenticated as Dredious#4529
2019-04-25 14:37:05 | [INFO]    | Launching shard 0 (1 out of 1)...
2019-04-25 14:37:05 | [INFO]    | Shard 0 : Connected to wss://gateway.discord.gg
2019-04-25 14:37:05 | [INFO]    | Shard 0 : Received HELLO (gateway-prd-main-qg21)
2019-04-25 14:37:06 | [INFO]    | Shard 0 : Received READY (gateway-prd-main-qg21, discord-sessions-prd-1-28)
2019-04-25 14:38:50 | [INFO]    | Discordia 2.6.0
2019-04-25 14:38:50 | [INFO]    | Connecting to Discord...
2019-04-25 14:38:50 | [INFO]    | Authenticated as Dredious#4529
2019-04-25 14:38:50 | [INFO]    | Launching shard 0 (1 out of 1)...
2019-04-25 14:38:51 | [INFO]    | Shard 0 : Connected to wss://gateway.discord.gg
2019-04-25 14:38:51 | [INFO]    | Shard 0 : Received HELLO (gateway-prd-main-jg92)
2019-04-25 14:38:51 | [INFO]    | Shard 0 : Received READY (gateway-prd-main-jg92, discord-sessions-prd-1-5)
2019-04-25 14:40:51 | [INFO]    | Discordia 2.6.0
2019-04-25 14:40:51 | [INFO]    | Connecting to Discord...
2019-04-25 14:40:51 | [INFO]    | Authenticated as Dredious#4529
2019-04-25 14:40:51 | [INFO]    | Launching shard 0 (1 out of 1)...
2019-04-25 14:40:52 | [INFO]    | Shard 0 : Connected to wss://gateway.discord.gg
2019-04-25 14:40:52 | [INFO]    | Shard 0 : Received HELLO (gateway-prd-main-6xv9)
2019-04-25 14:40:52 | [INFO]    | Shard 0 : Received READY (gateway-prd-main-6xv9, discord-sessions-prd-1-13)
2019-04-25 15:17:04 | [INFO]    | Discordia 2.6.0
2019-04-25 15:17:04 | [INFO]    | Connecting to Discord...
2019-04-25 15:17:04 | [INFO]    | Authenticated as Dredious#4529
2019-04-25 15:17:04 | [INFO]    | Launching shard 0 (1 out of 1)...
2019-04-25 15:17:05 | [INFO]    | Shard 0 : Connected to wss://gateway.discord.gg
2019-04-25 15:17:05 | [INFO]    | Shard 0 : Received HELLO (gateway-prd-main-p4lk)
2019-04-25 15:17:05 | [INFO]    | Shard 0 : Received READY (gateway-prd-main-p4lk, discord-sessions-prd-1-4)
2019-04-25 15:17:29 | [INFO]    | Discordia 2.6.0
2019-04-25 15:17:29 | [INFO]    | Connecting to Discord...
2019-04-25 15:17:30 | [INFO]    | Authenticated as Dredious#4529
2019-04-25 15:17:30 | [INFO]    | Launching shard 0 (1 out of 1)...
2019-04-25 15:17:30 | [INFO]    | Shard 0 : Connected to wss://gateway.discord.gg
2019-04-25 15:17:30 | [INFO]    | Shard 0 : Received HELLO (gateway-prd-main-bvj9)
2019-04-25 15:17:31 | [INFO]    | Shard 0 : Received READY (gateway-prd-main-bvj9, discord-sessions-prd-1-5)
2019-04-25 15:18:01 | [INFO]    | Discordia 2.6.0
2019-04-25 15:18:01 | [INFO]    | Connecting to Discord...
2019-04-25 15:18:01 | [INFO]    | Authenticated as Dredious#4529
2019-04-25 15:18:01 | [INFO]    | Launching shard 0 (1 out of 1)...
2019-04-25 15:18:04 | [INFO]    | Shard 0 : Connected to wss://gateway.discord.gg
2019-04-25 15:18:04 | [INFO]    | Shard 0 : Received HELLO (gateway-prd-main-26sm)
2019-04-25 15:18:05 | [INFO]    | Shard 0 : Received READY (gateway-prd-main-26sm, discord-sessions-prd-1-10)
2019-04-25 15:18:46 | [INFO]    | Discordia 2.6.0
2019-04-25 15:18:46 | [INFO]    | Connecting to Discord...
2019-04-25 15:18:46 | [INFO]    | Authenticated as Dredious#4529
2019-04-25 15:18:46 | [INFO]    | Launching shard 0 (1 out of 1)...
2019-04-25 15:18:47 | [INFO]    | Shard 0 : Connected to wss://gateway.discord.gg
2019-04-25 15:18:47 | [INFO]    | Shard 0 : Received HELLO (gateway-prd-main-6qdq)
2019-04-25 15:18:47 | [INFO]    | Shard 0 : Received READY (gateway-prd-main-6qdq, discord-sessions-prd-1-18)
2019-04-25 15:20:50 | [INFO]    | Discordia 2.6.0
2019-04-25 15:20:50 | [INFO]    | Connecting to Discord...
2019-04-25 15:20:51 | [INFO]    | Authenticated as Dredious#4529
2019-04-25 15:20:51 | [INFO]    | Launching shard 0 (1 out of 1)...
2019-04-25 15:20:51 | [INFO]    | Shard 0 : Connected to wss://gateway.discord.gg
2019-04-25 15:20:51 | [INFO]    | Shard 0 : Received HELLO (gateway-prd-main-x8n3)
2019-04-25 15:20:54 | [INFO]    | Shard 0 : Received READY (gateway-prd-main-x8n3, discord-sessions-prd-1-21)
2019-04-25 15:21:09 | [ERROR]   | 400 - BAD REQUEST : POST https://discordapp.com/api/v7/channels/477855772089516042/messages
2019-04-25 15:21:16 | [INFO]    | Discordia 2.6.0
2019-04-25 15:21:16 | [INFO]    | Connecting to Discord...
2019-04-25 15:21:18 | [INFO]    | Authenticated as Dredious#4529
2019-04-25 15:21:18 | [INFO]    | Launching shard 0 (1 out of 1)...
2019-04-25 15:21:18 | [INFO]    | Shard 0 : Connected to wss://gateway.discord.gg
2019-04-25 15:21:18 | [INFO]    | Shard 0 : Received HELLO (gateway-prd-main-767s)
2019-04-25 15:21:19 | [INFO]    | Shard 0 : Received READY (gateway-prd-main-767s, discord-sessions-prd-1-18)
2019-04-25 15:21:27 | [ERROR]   | 400 - BAD REQUEST : POST https://discordapp.com/api/v7/channels/477855772089516042/messages
2019-04-25 15:21:52 | [ERROR]   | 400 - BAD REQUEST : POST https://discordapp.com/api/v7/channels/477855772089516042/messages
2019-04-25 15:22:53 | [INFO]    | Discordia 2.6.0
2019-04-25 15:22:53 | [INFO]    | Connecting to Discord...
2019-04-25 15:22:54 | [INFO]    | Authenticated as Dredious#4529
2019-04-25 15:22:56 | [INFO]    | Launching shard 0 (1 out of 1)...
2019-04-25 15:22:56 | [INFO]    | Shard 0 : Connected to wss://gateway.discord.gg
2019-04-25 15:22:56 | [INFO]    | Shard 0 : Received HELLO (gateway-prd-main-l1kq)
2019-04-25 15:22:57 | [INFO]    | Shard 0 : Received READY (gateway-prd-main-l1kq, discord-sessions-prd-1-7)
2019-04-25 15:23:51 | [INFO]    | Discordia 2.6.0
2019-04-25 15:23:51 | [INFO]    | Connecting to Discord...
2019-04-25 15:23:52 | [INFO]    | Authenticated as Dredious#4529
2019-04-25 15:23:52 | [INFO]    | Launching shard 0 (1 out of 1)...
2019-04-25 15:23:53 | [INFO]    | Shard 0 : Connected to wss://gateway.discord.gg
2019-04-25 15:23:53 | [INFO]    | Shard 0 : Received HELLO (gateway-prd-main-6xv9)
2019-04-25 15:23:53 | [INFO]    | Shard 0 : Received READY (gateway-prd-main-6xv9, discord-sessions-prd-1-20)
2019-04-25 15:29:45 | [INFO]    | Discordia 2.6.0
2019-04-25 15:29:45 | [INFO]    | Connecting to Discord...
2019-04-25 15:29:47 | [INFO]    | Authenticated as Dredious#4529
2019-04-25 15:29:47 | [INFO]    | Launching shard 0 (1 out of 1)...
2019-04-25 15:29:47 | [INFO]    | Shard 0 : Connected to wss://gateway.discord.gg
2019-04-25 15:29:47 | [INFO]    | Shard 0 : Received HELLO (gateway-prd-main-n3zg)
2019-04-25 15:29:48 | [INFO]    | Shard 0 : Received READY (gateway-prd-main-n3zg, discord-sessions-prd-1-14)
2019-04-25 15:29:52 | [ERROR]   | 400 - BAD REQUEST : POST https://discordapp.com/api/v7/channels/477855772089516042/messages
2019-04-25 15:30:21 | [INFO]    | Discordia 2.6.0
2019-04-25 15:30:21 | [INFO]    | Connecting to Discord...
2019-04-25 15:30:21 | [INFO]    | Authenticated as Dredious#4529
2019-04-25 15:30:21 | [INFO]    | Launching shard 0 (1 out of 1)...
2019-04-25 15:30:22 | [INFO]    | Shard 0 : Connected to wss://gateway.discord.gg
2019-04-25 15:30:22 | [INFO]    | Shard 0 : Received HELLO (gateway-prd-main-5f9l)
2019-04-25 15:30:22 | [INFO]    | Shard 0 : Received READY (gateway-prd-main-5f9l, discord-sessions-prd-1-7)
2019-04-25 15:31:58 | [INFO]    | Discordia 2.6.0
2019-04-25 15:31:58 | [INFO]    | Connecting to Discord...
2019-04-25 15:31:59 | [INFO]    | Authenticated as Dredious#4529
2019-04-25 15:31:59 | [INFO]    | Launching shard 0 (1 out of 1)...
2019-04-25 15:32:00 | [INFO]    | Shard 0 : Connected to wss://gateway.discord.gg
2019-04-25 15:32:00 | [INFO]    | Shard 0 : Received HELLO (gateway-prd-main-zsf1)
2019-04-25 15:32:00 | [INFO]    | Shard 0 : Received READY (gateway-prd-main-zsf1, discord-sessions-prd-1-1)
2019-04-25 15:32:50 | [INFO]    | Discordia 2.6.0
2019-04-25 15:32:50 | [INFO]    | Connecting to Discord...
2019-04-25 15:32:51 | [INFO]    | Authenticated as Dredious#4529
2019-04-25 15:32:51 | [INFO]    | Launching shard 0 (1 out of 1)...
2019-04-25 15:32:51 | [INFO]    | Shard 0 : Connected to wss://gateway.discord.gg
2019-04-25 15:32:51 | [INFO]    | Shard 0 : Received HELLO (gateway-prd-main-qb58)
2019-04-25 15:32:52 | [INFO]    | Shard 0 : Received READY (gateway-prd-main-qb58, discord-sessions-prd-1-14)
2019-04-25 15:33:37 | [INFO]    | Discordia 2.6.0
2019-04-25 15:33:37 | [INFO]    | Connecting to Discord...
2019-04-25 15:33:38 | [INFO]    | Authenticated as Dredious#4529
2019-04-25 15:33:38 | [INFO]    | Launching shard 0 (1 out of 1)...
2019-04-25 15:33:38 | [INFO]    | Shard 0 : Connected to wss://gateway.discord.gg
2019-04-25 15:33:38 | [INFO]    | Shard 0 : Received HELLO (gateway-prd-main-xp0j)
2019-04-25 15:33:40 | [INFO]    | Shard 0 : Received READY (gateway-prd-main-xp0j, discord-sessions-prd-1-7)
2019-04-25 15:36:01 | [INFO]    | Discordia 2.6.0
2019-04-25 15:36:01 | [INFO]    | Connecting to Discord...
2019-04-25 15:36:02 | [INFO]    | Authenticated as Dredious#4529
2019-04-25 15:36:02 | [INFO]    | Launching shard 0 (1 out of 1)...
2019-04-25 15:36:02 | [INFO]    | Shard 0 : Connected to wss://gateway.discord.gg
2019-04-25 15:36:02 | [INFO]    | Shard 0 : Received HELLO (gateway-prd-main-kccm)
2019-04-25 15:36:03 | [INFO]    | Shard 0 : Received READY (gateway-prd-main-kccm, discord-sessions-prd-1-12)
2019-04-25 15:37:13 | [INFO]    | Discordia 2.6.0
2019-04-25 15:37:13 | [INFO]    | Connecting to Discord...
2019-04-25 15:37:14 | [INFO]    | Authenticated as Dredious#4529
2019-04-25 15:37:14 | [INFO]    | Launching shard 0 (1 out of 1)...
2019-04-25 15:37:14 | [INFO]    | Shard 0 : Connected to wss://gateway.discord.gg
2019-04-25 15:37:14 | [INFO]    | Shard 0 : Received HELLO (gateway-prd-main-bvj9)
2019-04-25 15:37:15 | [INFO]    | Shard 0 : Received READY (gateway-prd-main-bvj9, discord-sessions-prd-1-23)
2019-04-25 15:37:39 | [INFO]    | Discordia 2.6.0
2019-04-25 15:37:39 | [INFO]    | Connecting to Discord...
2019-04-25 15:37:39 | [INFO]    | Authenticated as Dredious#4529
2019-04-25 15:37:39 | [INFO]    | Launching shard 0 (1 out of 1)...
2019-04-25 15:37:40 | [INFO]    | Shard 0 : Connected to wss://gateway.discord.gg
2019-04-25 15:37:40 | [INFO]    | Shard 0 : Received HELLO (gateway-prd-main-z3p2)
2019-04-25 15:37:40 | [INFO]    | Shard 0 : Received READY (gateway-prd-main-z3p2, discord-sessions-prd-1-14)
2019-04-25 15:38:15 | [INFO]    | Discordia 2.6.0
2019-04-25 15:38:15 | [INFO]    | Connecting to Discord...
2019-04-25 15:38:15 | [INFO]    | Authenticated as Dredious#4529
2019-04-25 15:38:15 | [INFO]    | Launching shard 0 (1 out of 1)...
2019-04-25 15:38:16 | [INFO]    | Shard 0 : Connected to wss://gateway.discord.gg
2019-04-25 15:38:16 | [INFO]    | Shard 0 : Received HELLO (gateway-prd-main-z1d0)
2019-04-25 15:38:16 | [INFO]    | Shard 0 : Received READY (gateway-prd-main-z1d0, discord-sessions-prd-1-2)
2019-04-25 15:39:02 | [INFO]    | Discordia 2.6.0
2019-04-25 15:39:02 | [INFO]    | Connecting to Discord...
2019-04-25 15:39:03 | [INFO]    | Authenticated as Dredious#4529
2019-04-25 15:39:03 | [INFO]    | Launching shard 0 (1 out of 1)...
2019-04-25 15:39:04 | [INFO]    | Shard 0 : Connected to wss://gateway.discord.gg
2019-04-25 15:39:04 | [INFO]    | Shard 0 : Received HELLO (gateway-prd-main-r48s)
2019-04-25 15:39:04 | [INFO]    | Shard 0 : Received READY (gateway-prd-main-r48s, discord-sessions-prd-1-26)
2019-04-25 15:40:39 | [INFO]    | Discordia 2.6.0
2019-04-25 15:40:39 | [INFO]    | Connecting to Discord...
2019-04-25 15:40:40 | [INFO]    | Authenticated as Dredious#4529
2019-04-25 15:40:40 | [INFO]    | Launching shard 0 (1 out of 1)...
2019-04-25 15:40:41 | [INFO]    | Shard 0 : Connected to wss://gateway.discord.gg
2019-04-25 15:40:41 | [INFO]    | Shard 0 : Received HELLO (gateway-prd-main-xp0j)
2019-04-25 15:40:41 | [INFO]    | Shard 0 : Received READY (gateway-prd-main-xp0j, discord-sessions-prd-1-30)
2019-04-25 15:41:28 | [INFO]    | Discordia 2.6.0
2019-04-25 15:41:28 | [INFO]    | Connecting to Discord...
2019-04-25 15:41:29 | [INFO]    | Authenticated as Dredious#4529
2019-04-25 15:41:29 | [INFO]    | Launching shard 0 (1 out of 1)...
2019-04-25 15:41:29 | [INFO]    | Shard 0 : Connected to wss://gateway.discord.gg
2019-04-25 15:41:29 | [INFO]    | Shard 0 : Received HELLO (gateway-prd-main-xb3g)
2019-04-25 15:41:30 | [INFO]    | Shard 0 : Received READY (gateway-prd-main-xb3g, discord-sessions-prd-1-14)
2019-04-25 15:44:32 | [INFO]    | Discordia 2.6.0
2019-04-25 15:44:32 | [INFO]    | Connecting to Discord...
2019-04-25 15:44:32 | [INFO]    | Authenticated as Dredious#4529
2019-04-25 15:44:32 | [INFO]    | Launching shard 0 (1 out of 1)...
2019-04-25 15:44:33 | [INFO]    | Shard 0 : Connected to wss://gateway.discord.gg
2019-04-25 15:44:33 | [INFO]    | Shard 0 : Received HELLO (gateway-prd-main-vt0h)
2019-04-25 15:44:33 | [INFO]    | Shard 0 : Received READY (gateway-prd-main-vt0h, discord-sessions-prd-1-8)
2019-04-25 15:48:11 | [INFO]    | Discordia 2.6.0
2019-04-25 15:48:11 | [INFO]    | Connecting to Discord...
2019-04-25 15:48:11 | [INFO]    | Authenticated as Dredious#4529
2019-04-25 15:48:11 | [INFO]    | Launching shard 0 (1 out of 1)...
2019-04-25 15:48:12 | [INFO]    | Shard 0 : Connected to wss://gateway.discord.gg
2019-04-25 15:48:12 | [INFO]    | Shard 0 : Received HELLO (gateway-prd-main-jjz2)
2019-04-25 15:48:12 | [INFO]    | Shard 0 : Received READY (gateway-prd-main-jjz2, discord-sessions-prd-1-18)
2019-04-25 17:04:30 | [INFO]    | Discordia 2.6.0
2019-04-25 17:04:30 | [INFO]    | Connecting to Discord...
2019-04-25 17:04:31 | [ERROR]   | Could not authenticate, check token: C:/Users/Fadlan/Documents/Dredious/deps/coro-http.lua:74: ECANCELED
2019-04-25 17:04:39 | [INFO]    | Discordia 2.6.0
2019-04-25 17:04:39 | [INFO]    | Connecting to Discord...
2019-04-25 17:05:20 | [INFO]    | Discordia 2.6.0
2019-04-25 17:05:20 | [INFO]    | Connecting to Discord...
2019-04-25 17:06:56 | [INFO]    | Discordia 2.6.0
2019-04-25 17:06:56 | [INFO]    | Connecting to Discord...
2019-04-25 17:06:56 | [INFO]    | Authenticated as Dredious#4529
2019-04-25 17:06:57 | [INFO]    | Launching shard 0 (1 out of 1)...
2019-04-25 17:06:58 | [INFO]    | Shard 0 : Connected to wss://gateway.discord.gg
2019-04-25 17:06:58 | [INFO]    | Shard 0 : Received HELLO (gateway-prd-main-dp3d)
2019-04-25 17:06:58 | [INFO]    | Shard 0 : Received READY (gateway-prd-main-dp3d, discord-sessions-prd-1-16)
2019-04-25 17:07:21 | [INFO]    | Discordia 2.6.0
2019-04-25 17:07:21 | [INFO]    | Connecting to Discord...
2019-04-25 17:07:23 | [INFO]    | Authenticated as Dredious#4529
2019-04-25 17:07:23 | [INFO]    | Launching shard 0 (1 out of 1)...
2019-04-25 17:07:23 | [INFO]    | Shard 0 : Connected to wss://gateway.discord.gg
2019-04-25 17:07:23 | [INFO]    | Shard 0 : Received HELLO (gateway-prd-main-767s)
2019-04-25 17:07:24 | [INFO]    | Shard 0 : Received READY (gateway-prd-main-767s, discord-sessions-prd-1-13)
2019-04-25 17:09:40 | [INFO]    | Discordia 2.6.0
2019-04-25 17:09:40 | [INFO]    | Connecting to Discord...
2019-04-25 17:09:41 | [INFO]    | Authenticated as Dredious#4529
2019-04-25 17:09:41 | [INFO]    | Launching shard 0 (1 out of 1)...
2019-04-25 17:09:42 | [INFO]    | Shard 0 : Connected to wss://gateway.discord.gg
2019-04-25 17:09:42 | [INFO]    | Shard 0 : Received HELLO (gateway-prd-main-xt1j)
2019-04-25 17:09:42 | [INFO]    | Shard 0 : Received READY (gateway-prd-main-xt1j, discord-sessions-prd-1-16)
2019-04-25 17:10:04 | [INFO]    | Discordia 2.6.0
2019-04-25 17:10:04 | [INFO]    | Connecting to Discord...
2019-04-25 17:10:05 | [INFO]    | Authenticated as Dredious#4529
2019-04-25 17:10:05 | [INFO]    | Launching shard 0 (1 out of 1)...
2019-04-25 17:10:06 | [INFO]    | Shard 0 : Connected to wss://gateway.discord.gg
2019-04-25 17:10:06 | [INFO]    | Shard 0 : Received HELLO (gateway-prd-main-v0r8)
2019-04-25 17:10:06 | [INFO]    | Shard 0 : Received READY (gateway-prd-main-v0r8, discord-sessions-prd-1-13)
2019-04-25 17:10:35 | [INFO]    | Discordia 2.6.0
2019-04-25 17:10:35 | [INFO]    | Connecting to Discord...
2019-04-25 17:10:36 | [INFO]    | Authenticated as Dredious#4529
2019-04-25 17:10:36 | [INFO]    | Launching shard 0 (1 out of 1)...
2019-04-25 17:10:37 | [INFO]    | Shard 0 : Connected to wss://gateway.discord.gg
2019-04-25 17:10:37 | [INFO]    | Shard 0 : Received HELLO (gateway-prd-main-8zcs)
2019-04-25 17:10:37 | [INFO]    | Shard 0 : Received READY (gateway-prd-main-8zcs, discord-sessions-prd-1-12)
2019-04-25 17:11:26 | [INFO]    | Discordia 2.6.0
2019-04-25 17:11:26 | [INFO]    | Connecting to Discord...
2019-04-25 17:11:27 | [ERROR]   | Could not authenticate, check token: C:/Users/Fadlan/Documents/Dredious/deps/coro-http.lua:74: ECANCELED
2019-04-25 17:11:35 | [INFO]    | Discordia 2.6.0
2019-04-25 17:11:35 | [INFO]    | Connecting to Discord...
2019-04-25 17:11:36 | [ERROR]   | Could not authenticate, check token: C:/Users/Fadlan/Documents/Dredious/deps/coro-http.lua:74: ECANCELED
2019-04-25 17:11:52 | [INFO]    | Discordia 2.6.0
2019-04-25 17:11:52 | [INFO]    | Connecting to Discord...
2019-04-25 17:11:53 | [ERROR]   | Could not authenticate, check token: C:/Users/Fadlan/Documents/Dredious/deps/coro-http.lua:74: ECANCELED
2019-04-25 17:13:15 | [INFO]    | Discordia 2.6.0
2019-04-25 17:13:15 | [INFO]    | Connecting to Discord...
2019-04-25 17:13:15 | [INFO]    | Authenticated as Dredious#4529
2019-04-25 17:13:50 | [INFO]    | Discordia 2.6.0
2019-04-25 17:13:50 | [INFO]    | Connecting to Discord...
2019-04-25 17:13:50 | [ERROR]   | Could not authenticate, check token: C:/Users/Fadlan/Documents/Dredious/deps/coro-http.lua:74: ECANCELED
2019-04-25 17:14:38 | [INFO]    | Discordia 2.6.0
2019-04-25 17:14:38 | [INFO]    | Connecting to Discord...
2019-04-25 17:14:39 | [INFO]    | Authenticated as Dredious#4529
2019-04-25 17:14:39 | [INFO]    | Launching shard 0 (1 out of 1)...
2019-04-25 17:14:39 | [INFO]    | Shard 0 : Connected to wss://gateway.discord.gg
2019-04-25 17:14:39 | [INFO]    | Shard 0 : Received HELLO (gateway-prd-main-l1kq)
2019-04-25 17:14:40 | [INFO]    | Shard 0 : Received READY (gateway-prd-main-l1kq, discord-sessions-prd-1-13)
2019-04-25 17:17:43 | [INFO]    | Discordia 2.6.0
2019-04-25 17:17:43 | [INFO]    | Connecting to Discord...
2019-04-25 17:17:44 | [INFO]    | Authenticated as Dredious#4529
2019-04-25 17:17:44 | [INFO]    | Launching shard 0 (1 out of 1)...
2019-04-25 17:17:45 | [INFO]    | Shard 0 : Connected to wss://gateway.discord.gg
2019-04-25 17:17:45 | [INFO]    | Shard 0 : Received HELLO (gateway-prd-main-cdd3)
2019-04-25 17:17:45 | [INFO]    | Shard 0 : Received READY (gateway-prd-main-cdd3, discord-sessions-prd-1-26)
2019-04-25 17:20:33 | [INFO]    | Discordia 2.6.0
2019-04-25 17:20:33 | [INFO]    | Connecting to Discord...
2019-04-25 17:20:34 | [INFO]    | Authenticated as Dredious#4529
2019-04-25 17:20:34 | [INFO]    | Launching shard 0 (1 out of 1)...
2019-04-25 17:20:34 | [INFO]    | Shard 0 : Connected to wss://gateway.discord.gg
2019-04-25 17:20:34 | [INFO]    | Shard 0 : Received HELLO (gateway-prd-main-2sw1)
2019-04-25 17:20:35 | [INFO]    | Shard 0 : Received READY (gateway-prd-main-2sw1, discord-sessions-prd-1-4)
2019-04-25 17:24:17 | [INFO]    | Discordia 2.6.0
2019-04-25 17:24:17 | [INFO]    | Connecting to Discord...
2019-04-25 17:24:18 | [INFO]    | Authenticated as Dredious#4529
2019-04-25 17:24:18 | [INFO]    | Launching shard 0 (1 out of 1)...
2019-04-25 17:24:18 | [INFO]    | Shard 0 : Connected to wss://gateway.discord.gg
2019-04-25 17:24:18 | [INFO]    | Shard 0 : Received HELLO (gateway-prd-main-890b)
2019-04-25 17:24:19 | [INFO]    | Shard 0 : Received READY (gateway-prd-main-890b, discord-sessions-prd-1-5)
2019-04-25 17:25:32 | [INFO]    | Discordia 2.6.0
2019-04-25 17:25:32 | [INFO]    | Connecting to Discord...
2019-04-25 17:25:32 | [INFO]    | Authenticated as Dredious#4529
2019-04-25 17:25:32 | [INFO]    | Launching shard 0 (1 out of 1)...
2019-04-25 17:25:33 | [INFO]    | Shard 0 : Connected to wss://gateway.discord.gg
2019-04-25 17:25:33 | [INFO]    | Shard 0 : Received HELLO (gateway-prd-main-pghz)
2019-04-25 17:25:33 | [INFO]    | Shard 0 : Received READY (gateway-prd-main-pghz, discord-sessions-prd-1-17)
2019-04-25 17:34:11 | [INFO]    | Discordia 2.6.0
2019-04-25 17:34:11 | [INFO]    | Connecting to Discord...
2019-04-25 17:34:12 | [INFO]    | Authenticated as Dredious#4529
2019-04-25 17:34:12 | [INFO]    | Launching shard 0 (1 out of 1)...
2019-04-25 17:34:12 | [INFO]    | Shard 0 : Connected to wss://gateway.discord.gg
2019-04-25 17:34:12 | [INFO]    | Shard 0 : Received HELLO (gateway-prd-main-hzjl)
2019-04-25 17:34:13 | [INFO]    | Shard 0 : Received READY (gateway-prd-main-hzjl, discord-sessions-prd-1-17)
2019-04-25 17:35:46 | [INFO]    | Discordia 2.6.0
2019-04-25 17:35:46 | [INFO]    | Connecting to Discord...
2019-04-25 17:35:46 | [INFO]    | Authenticated as Dredious#4529
2019-04-25 17:35:46 | [INFO]    | Launching shard 0 (1 out of 1)...
2019-04-25 17:35:47 | [INFO]    | Shard 0 : Connected to wss://gateway.discord.gg
2019-04-25 17:35:47 | [INFO]    | Shard 0 : Received HELLO (gateway-prd-main-9xgj)
2019-04-25 17:35:48 | [INFO]    | Shard 0 : Received READY (gateway-prd-main-9xgj, discord-sessions-prd-1-23)
2019-04-25 18:09:21 | [INFO]    | Discordia 2.6.0
2019-04-25 18:09:21 | [INFO]    | Connecting to Discord...
2019-04-25 18:09:21 | [INFO]    | Authenticated as Dredious#4529
2019-04-25 18:09:22 | [INFO]    | Launching shard 0 (1 out of 1)...
2019-04-25 18:09:22 | [INFO]    | Shard 0 : Connected to wss://gateway.discord.gg
2019-04-25 18:09:22 | [INFO]    | Shard 0 : Received HELLO (gateway-prd-main-xb3g)
2019-04-25 18:09:23 | [INFO]    | Shard 0 : Received READY (gateway-prd-main-xb3g, discord-sessions-prd-1-30)
2019-04-25 18:10:08 | [INFO]    | Discordia 2.6.0
2019-04-25 18:10:08 | [INFO]    | Connecting to Discord...
2019-04-25 18:10:08 | [INFO]    | Authenticated as Dredious#4529
2019-04-25 18:10:08 | [INFO]    | Launching shard 0 (1 out of 1)...
2019-04-25 18:10:09 | [INFO]    | Shard 0 : Connected to wss://gateway.discord.gg
2019-04-25 18:10:09 | [INFO]    | Shard 0 : Received HELLO (gateway-prd-main-8h8j)
2019-04-25 18:10:09 | [INFO]    | Shard 0 : Received READY (gateway-prd-main-8h8j, discord-sessions-prd-1-5)
2019-04-25 18:10:52 | [INFO]    | Discordia 2.6.0
2019-04-25 18:10:52 | [INFO]    | Connecting to Discord...
2019-04-25 18:10:53 | [INFO]    | Authenticated as Dredious#4529
2019-04-25 18:10:53 | [INFO]    | Launching shard 0 (1 out of 1)...
2019-04-25 18:10:53 | [INFO]    | Shard 0 : Connected to wss://gateway.discord.gg
2019-04-25 18:10:53 | [INFO]    | Shard 0 : Received HELLO (gateway-prd-main-6qdq)
2019-04-25 18:10:53 | [INFO]    | Shard 0 : Received READY (gateway-prd-main-6qdq, discord-sessions-prd-1-24)
2019-04-25 18:11:33 | [INFO]    | Discordia 2.6.0
2019-04-25 18:11:33 | [INFO]    | Connecting to Discord...
2019-04-25 18:11:33 | [INFO]    | Authenticated as Dredious#4529
2019-04-25 18:11:33 | [INFO]    | Launching shard 0 (1 out of 1)...
2019-04-25 18:11:34 | [INFO]    | Shard 0 : Connected to wss://gateway.discord.gg
2019-04-25 18:11:34 | [INFO]    | Shard 0 : Received HELLO (gateway-prd-main-6xv9)
2019-04-25 18:11:34 | [INFO]    | Shard 0 : Received READY (gateway-prd-main-6xv9, discord-sessions-prd-1-27)
2019-04-25 18:13:00 | [INFO]    | Discordia 2.6.0
2019-04-25 18:13:00 | [INFO]    | Connecting to Discord...
2019-04-25 18:13:00 | [INFO]    | Authenticated as Dredious#4529
2019-04-25 18:13:00 | [INFO]    | Launching shard 0 (1 out of 1)...
2019-04-25 18:13:01 | [INFO]    | Shard 0 : Connected to wss://gateway.discord.gg
2019-04-25 18:13:01 | [INFO]    | Shard 0 : Received HELLO (gateway-prd-main-qv96)
2019-04-25 18:13:01 | [INFO]    | Shard 0 : Received READY (gateway-prd-main-qv96, discord-sessions-prd-1-21)
2019-04-25 18:15:00 | [INFO]    | Discordia 2.6.0
2019-04-25 18:15:00 | [INFO]    | Connecting to Discord...
2019-04-25 18:15:01 | [INFO]    | Authenticated as Dredious#4529
2019-04-25 18:15:01 | [INFO]    | Launching shard 0 (1 out of 1)...
2019-04-25 18:15:01 | [INFO]    | Shard 0 : Connected to wss://gateway.discord.gg
2019-04-25 18:15:01 | [INFO]    | Shard 0 : Received HELLO (gateway-prd-main-qv96)
2019-04-25 18:15:02 | [INFO]    | Shard 0 : Received READY (gateway-prd-main-qv96, discord-sessions-prd-1-27)
2019-04-25 18:15:32 | [INFO]    | Discordia 2.6.0
2019-04-25 18:15:32 | [INFO]    | Connecting to Discord...
2019-04-25 18:15:33 | [INFO]    | Authenticated as Dredious#4529
2019-04-25 18:15:33 | [INFO]    | Launching shard 0 (1 out of 1)...
2019-04-25 18:15:34 | [INFO]    | Shard 0 : Connected to wss://gateway.discord.gg
2019-04-25 18:15:34 | [INFO]    | Shard 0 : Received HELLO (gateway-prd-main-cwbf)
2019-04-25 18:15:34 | [INFO]    | Shard 0 : Received READY (gateway-prd-main-cwbf, discord-sessions-prd-1-22)
2019-04-25 18:16:28 | [INFO]    | Discordia 2.6.0
2019-04-25 18:16:28 | [INFO]    | Connecting to Discord...
2019-04-25 18:16:28 | [INFO]    | Authenticated as Dredious#4529
2019-04-25 18:16:28 | [INFO]    | Launching shard 0 (1 out of 1)...
2019-04-25 18:16:29 | [INFO]    | Shard 0 : Connected to wss://gateway.discord.gg
2019-04-25 18:16:29 | [INFO]    | Shard 0 : Received HELLO (gateway-prd-main-9h15)
2019-04-25 18:16:29 | [INFO]    | Shard 0 : Received READY (gateway-prd-main-9h15, discord-sessions-prd-1-25)
2019-04-25 18:23:20 | [INFO]    | Discordia 2.6.0
2019-04-25 18:23:20 | [INFO]    | Connecting to Discord...
2019-04-25 18:23:20 | [INFO]    | Authenticated as Dredious#4529
2019-04-25 18:23:20 | [INFO]    | Launching shard 0 (1 out of 1)...
2019-04-25 18:23:21 | [INFO]    | Shard 0 : Connected to wss://gateway.discord.gg
2019-04-25 18:23:21 | [INFO]    | Shard 0 : Received HELLO (gateway-prd-main-z0zz)
2019-04-25 18:23:21 | [INFO]    | Shard 0 : Received READY (gateway-prd-main-z0zz, discord-sessions-prd-1-21)
2019-04-25 18:24:27 | [INFO]    | Discordia 2.6.0
2019-04-25 18:24:27 | [INFO]    | Connecting to Discord...
2019-04-25 18:24:27 | [INFO]    | Authenticated as Dredious#4529
2019-04-25 18:24:27 | [INFO]    | Launching shard 0 (1 out of 1)...
2019-04-25 18:24:28 | [INFO]    | Shard 0 : Connected to wss://gateway.discord.gg
2019-04-25 18:24:28 | [INFO]    | Shard 0 : Received HELLO (gateway-prd-main-vv9q)
2019-04-25 18:24:29 | [INFO]    | Shard 0 : Received READY (gateway-prd-main-vv9q, discord-sessions-prd-1-3)
2019-04-25 18:25:25 | [INFO]    | Discordia 2.6.0
2019-04-25 18:25:25 | [INFO]    | Connecting to Discord...
2019-04-25 18:25:26 | [INFO]    | Authenticated as Dredious#4529
2019-04-25 18:25:26 | [INFO]    | Launching shard 0 (1 out of 1)...
2019-04-25 18:25:26 | [INFO]    | Shard 0 : Connected to wss://gateway.discord.gg
2019-04-25 18:25:26 | [INFO]    | Shard 0 : Received HELLO (gateway-prd-main-n3zg)
2019-04-25 18:25:27 | [INFO]    | Shard 0 : Received READY (gateway-prd-main-n3zg, discord-sessions-prd-1-12)
2019-04-25 18:25:52 | [INFO]    | Discordia 2.6.0
2019-04-25 18:25:52 | [INFO]    | Connecting to Discord...
2019-04-25 18:25:53 | [INFO]    | Authenticated as Dredious#4529
2019-04-25 18:25:53 | [INFO]    | Launching shard 0 (1 out of 1)...
2019-04-25 18:25:53 | [INFO]    | Shard 0 : Connected to wss://gateway.discord.gg
2019-04-25 18:25:53 | [INFO]    | Shard 0 : Received HELLO (gateway-prd-main-gfs7)
2019-04-25 18:25:54 | [INFO]    | Shard 0 : Received READY (gateway-prd-main-gfs7, discord-sessions-prd-1-13)
2019-04-25 18:34:14 | [INFO]    | Discordia 2.6.0
2019-04-25 18:34:14 | [INFO]    | Connecting to Discord...
2019-04-25 18:34:14 | [INFO]    | Authenticated as Dredious#4529
2019-04-25 18:34:14 | [INFO]    | Launching shard 0 (1 out of 1)...
2019-04-25 18:34:15 | [INFO]    | Shard 0 : Connected to wss://gateway.discord.gg
2019-04-25 18:34:15 | [INFO]    | Shard 0 : Received HELLO (gateway-prd-main-dp3d)
2019-04-25 18:34:15 | [INFO]    | Shard 0 : Received READY (gateway-prd-main-dp3d, discord-sessions-prd-1-10)
2019-04-25 18:35:09 | [INFO]    | Discordia 2.6.0
2019-04-25 18:35:09 | [INFO]    | Connecting to Discord...
2019-04-25 18:35:10 | [INFO]    | Authenticated as Dredious#4529
2019-04-25 18:35:10 | [INFO]    | Launching shard 0 (1 out of 1)...
2019-04-25 18:35:10 | [INFO]    | Shard 0 : Connected to wss://gateway.discord.gg
2019-04-25 18:35:10 | [INFO]    | Shard 0 : Received HELLO (gateway-prd-main-767s)
2019-04-25 18:35:10 | [INFO]    | Shard 0 : Received READY (gateway-prd-main-767s, discord-sessions-prd-1-8)
2019-04-25 18:36:08 | [INFO]    | Discordia 2.6.0
2019-04-25 18:36:08 | [INFO]    | Connecting to Discord...
2019-04-25 18:36:09 | [INFO]    | Authenticated as Dredious#4529
2019-04-25 18:36:09 | [INFO]    | Launching shard 0 (1 out of 1)...
2019-04-25 18:36:09 | [INFO]    | Shard 0 : Connected to wss://gateway.discord.gg
2019-04-25 18:36:09 | [INFO]    | Shard 0 : Received HELLO (gateway-prd-main-hpbd)
2019-04-25 18:36:10 | [INFO]    | Shard 0 : Received READY (gateway-prd-main-hpbd, discord-sessions-prd-1-12)
2019-04-25 18:38:01 | [INFO]    | Discordia 2.6.0
2019-04-25 18:38:01 | [INFO]    | Connecting to Discord...
2019-04-25 18:38:02 | [INFO]    | Authenticated as Dredious#4529
2019-04-25 18:38:02 | [INFO]    | Launching shard 0 (1 out of 1)...
2019-04-25 18:38:03 | [INFO]    | Shard 0 : Connected to wss://gateway.discord.gg
2019-04-25 18:38:03 | [INFO]    | Shard 0 : Received HELLO (gateway-prd-main-s47l)
2019-04-25 18:38:03 | [INFO]    | Shard 0 : Received READY (gateway-prd-main-s47l, discord-sessions-prd-1-6)
2019-04-25 19:43:06 | [INFO]    | Discordia 2.6.0
2019-04-25 19:43:06 | [INFO]    | Connecting to Discord...
2019-04-25 19:43:07 | [INFO]    | Authenticated as Dredious#4529
2019-04-25 19:43:08 | [INFO]    | Launching shard 0 (1 out of 1)...
2019-04-25 19:43:08 | [INFO]    | Shard 0 : Connected to wss://gateway.discord.gg
2019-04-25 19:43:08 | [INFO]    | Shard 0 : Received HELLO (gateway-prd-main-jjr7)
2019-04-25 19:43:10 | [INFO]    | Shard 0 : Received READY (gateway-prd-main-jjr7, discord-sessions-prd-1-25)
2019-04-25 19:43:50 | [INFO]    | Discordia 2.6.0
2019-04-25 19:43:50 | [INFO]    | Connecting to Discord...
2019-04-25 19:43:51 | [INFO]    | Authenticated as Dredious#4529
2019-04-25 19:43:51 | [INFO]    | Launching shard 0 (1 out of 1)...
2019-04-25 19:43:51 | [INFO]    | Shard 0 : Connected to wss://gateway.discord.gg
2019-04-25 19:43:51 | [INFO]    | Shard 0 : Received HELLO (gateway-prd-main-cwbf)
2019-04-25 19:43:52 | [INFO]    | Shard 0 : Received READY (gateway-prd-main-cwbf, discord-sessions-prd-1-25)
2019-04-25 19:44:52 | [INFO]    | Discordia 2.6.0
2019-04-25 19:44:52 | [INFO]    | Connecting to Discord...
2019-04-25 19:44:53 | [INFO]    | Authenticated as Dredious#4529
2019-04-25 19:44:53 | [INFO]    | Launching shard 0 (1 out of 1)...
2019-04-25 19:44:53 | [INFO]    | Shard 0 : Connected to wss://gateway.discord.gg
2019-04-25 19:44:53 | [INFO]    | Shard 0 : Received HELLO (gateway-prd-main-9h15)
2019-04-25 19:44:54 | [INFO]    | Shard 0 : Received READY (gateway-prd-main-9h15, discord-sessions-prd-1-30)
2019-04-25 19:45:29 | [INFO]    | Discordia 2.6.0
2019-04-25 19:45:29 | [INFO]    | Connecting to Discord...
2019-04-25 19:45:29 | [INFO]    | Authenticated as Dredious#4529
2019-04-25 19:45:29 | [INFO]    | Launching shard 0 (1 out of 1)...
2019-04-25 19:45:30 | [INFO]    | Shard 0 : Connected to wss://gateway.discord.gg
2019-04-25 19:45:30 | [INFO]    | Shard 0 : Received HELLO (gateway-prd-main-jjr7)
2019-04-25 19:45:31 | [INFO]    | Shard 0 : Received READY (gateway-prd-main-jjr7, discord-sessions-prd-1-23)
2019-04-25 19:46:29 | [INFO]    | Discordia 2.6.0
2019-04-25 19:46:29 | [INFO]    | Connecting to Discord...
2019-04-25 19:46:29 | [INFO]    | Authenticated as Dredious#4529
2019-04-25 19:46:29 | [INFO]    | Launching shard 0 (1 out of 1)...
2019-04-25 19:46:30 | [INFO]    | Shard 0 : Connected to wss://gateway.discord.gg
2019-04-25 19:46:30 | [INFO]    | Shard 0 : Received HELLO (gateway-prd-main-6483)
2019-04-25 19:46:30 | [INFO]    | Shard 0 : Received READY (gateway-prd-main-6483, discord-sessions-prd-1-8)
2019-04-25 19:47:17 | [INFO]    | Discordia 2.6.0
2019-04-25 19:47:17 | [INFO]    | Connecting to Discord...
2019-04-25 19:47:17 | [INFO]    | Authenticated as Dredious#4529
2019-04-25 19:47:17 | [INFO]    | Launching shard 0 (1 out of 1)...
2019-04-25 19:47:18 | [INFO]    | Shard 0 : Connected to wss://gateway.discord.gg
2019-04-25 19:47:18 | [INFO]    | Shard 0 : Received HELLO (gateway-prd-main-gfs7)
2019-04-25 19:47:18 | [INFO]    | Shard 0 : Received READY (gateway-prd-main-gfs7, discord-sessions-prd-1-4)
2019-04-25 19:47:53 | [INFO]    | Discordia 2.6.0
2019-04-25 19:47:53 | [INFO]    | Connecting to Discord...
2019-04-25 19:47:54 | [INFO]    | Authenticated as Dredious#4529
2019-04-25 19:47:54 | [INFO]    | Launching shard 0 (1 out of 1)...
2019-04-25 19:47:55 | [INFO]    | Shard 0 : Connected to wss://gateway.discord.gg
2019-04-25 19:47:55 | [INFO]    | Shard 0 : Received HELLO (gateway-prd-main-h2rq)
2019-04-25 19:47:55 | [INFO]    | Shard 0 : Received READY (gateway-prd-main-h2rq, discord-sessions-prd-1-20)
2019-04-25 19:57:28 | [INFO]    | Discordia 2.6.0
2019-04-25 19:57:28 | [INFO]    | Connecting to Discord...
2019-04-25 19:57:29 | [INFO]    | Authenticated as Dredious#4529
2019-04-25 19:57:29 | [INFO]    | Launching shard 0 (1 out of 1)...
2019-04-25 19:57:29 | [INFO]    | Shard 0 : Connected to wss://gateway.discord.gg
2019-04-25 19:57:29 | [INFO]    | Shard 0 : Received HELLO (gateway-prd-main-x8n3)
2019-04-25 19:57:30 | [INFO]    | Shard 0 : Received READY (gateway-prd-main-x8n3, discord-sessions-prd-1-16)
2019-04-25 19:58:15 | [INFO]    | Discordia 2.6.0
2019-04-25 19:58:15 | [INFO]    | Connecting to Discord...
2019-04-25 19:58:16 | [INFO]    | Authenticated as Dredious#4529
2019-04-25 19:58:16 | [INFO]    | Launching shard 0 (1 out of 1)...
2019-04-25 19:58:16 | [INFO]    | Shard 0 : Connected to wss://gateway.discord.gg
2019-04-25 19:58:16 | [INFO]    | Shard 0 : Received HELLO (gateway-prd-main-cdd3)
2019-04-25 19:58:17 | [INFO]    | Shard 0 : Received READY (gateway-prd-main-cdd3, discord-sessions-prd-1-22)
2019-04-25 19:59:29 | [INFO]    | Discordia 2.6.0
2019-04-25 19:59:29 | [INFO]    | Connecting to Discord...
2019-04-25 19:59:30 | [INFO]    | Authenticated as Dredious#4529
2019-04-25 19:59:30 | [INFO]    | Launching shard 0 (1 out of 1)...
2019-04-25 19:59:30 | [INFO]    | Shard 0 : Connected to wss://gateway.discord.gg
2019-04-25 19:59:30 | [INFO]    | Shard 0 : Received HELLO (gateway-prd-main-dz6b)
2019-04-25 19:59:31 | [INFO]    | Shard 0 : Received READY (gateway-prd-main-dz6b, discord-sessions-prd-1-29)
2019-04-25 20:02:19 | [INFO]    | Discordia 2.6.0
2019-04-25 20:02:19 | [INFO]    | Connecting to Discord...
2019-04-25 20:02:19 | [INFO]    | Authenticated as Dredious#4529
2019-04-25 20:02:19 | [INFO]    | Launching shard 0 (1 out of 1)...
2019-04-25 20:02:20 | [INFO]    | Shard 0 : Connected to wss://gateway.discord.gg
2019-04-25 20:02:20 | [INFO]    | Shard 0 : Received HELLO (gateway-prd-main-jg92)
2019-04-25 20:02:22 | [INFO]    | Shard 0 : Received READY (gateway-prd-main-jg92, discord-sessions-prd-1-26)
2019-04-25 20:02:22 | [INFO]    | Shard 0 : Disconnected
2019-04-25 20:02:22 | [INFO]    | Shard 0 : Reconnecting after 900 ms...
2019-04-25 20:02:24 | [INFO]    | Shard 0 : Connected to wss://gateway.discord.gg
2019-04-25 20:02:24 | [INFO]    | Shard 0 : Received HELLO (gateway-prd-main-gfs7)
2019-04-25 20:02:24 | [INFO]    | Shard 0 : Received RESUMED (gateway-prd-main-gfs7, discord-sessions-prd-1-26)
2019-04-25 20:04:17 | [INFO]    | Discordia 2.6.0
2019-04-25 20:04:17 | [INFO]    | Connecting to Discord...
2019-04-25 20:04:18 | [INFO]    | Authenticated as Dredious#4529
2019-04-25 20:04:18 | [INFO]    | Launching shard 0 (1 out of 1)...
2019-04-25 20:04:19 | [INFO]    | Shard 0 : Connected to wss://gateway.discord.gg
2019-04-25 20:04:19 | [INFO]    | Shard 0 : Received HELLO (gateway-prd-main-lw5f)
2019-04-25 20:04:20 | [INFO]    | Shard 0 : Received READY (gateway-prd-main-lw5f, discord-sessions-prd-1-7)
2019-04-25 20:05:32 | [INFO]    | Discordia 2.6.0
2019-04-25 20:05:32 | [INFO]    | Connecting to Discord...
2019-04-25 20:05:33 | [INFO]    | Authenticated as Dredious#4529
2019-04-25 20:05:33 | [INFO]    | Launching shard 0 (1 out of 1)...
2019-04-25 20:05:33 | [INFO]    | Shard 0 : Connected to wss://gateway.discord.gg
2019-04-25 20:05:33 | [INFO]    | Shard 0 : Received HELLO (gateway-prd-main-1zc2)
2019-04-25 20:05:34 | [INFO]    | Shard 0 : Received READY (gateway-prd-main-1zc2, discord-sessions-prd-1-25)
2019-04-25 20:11:35 | [INFO]    | Discordia 2.6.0
2019-04-25 20:11:35 | [INFO]    | Connecting to Discord...
2019-04-25 20:11:35 | [INFO]    | Authenticated as Dredious#4529
2019-04-25 20:11:35 | [INFO]    | Launching shard 0 (1 out of 1)...
2019-04-25 20:11:36 | [INFO]    | Shard 0 : Connected to wss://gateway.discord.gg
2019-04-25 20:11:36 | [INFO]    | Shard 0 : Received HELLO (gateway-prd-main-xt1j)
2019-04-25 20:11:36 | [INFO]    | Shard 0 : Received READY (gateway-prd-main-xt1j, discord-sessions-prd-1-25)
2019-04-25 20:13:25 | [INFO]    | Discordia 2.6.0
2019-04-25 20:13:25 | [INFO]    | Connecting to Discord...
2019-04-25 20:13:26 | [INFO]    | Authenticated as Dredious#4529
2019-04-25 20:13:26 | [INFO]    | Launching shard 0 (1 out of 1)...
2019-04-25 20:13:26 | [INFO]    | Shard 0 : Connected to wss://gateway.discord.gg
2019-04-25 20:13:26 | [INFO]    | Shard 0 : Received HELLO (gateway-prd-main-6qdq)
2019-04-25 20:13:27 | [INFO]    | Shard 0 : Received READY (gateway-prd-main-6qdq, discord-sessions-prd-1-17)
2019-04-25 20:19:58 | [INFO]    | Discordia 2.6.0
2019-04-25 20:19:58 | [INFO]    | Connecting to Discord...
2019-04-25 20:19:58 | [INFO]    | Authenticated as Dredious#4529
2019-04-25 20:19:58 | [INFO]    | Launching shard 0 (1 out of 1)...
2019-04-25 20:19:59 | [INFO]    | Shard 0 : Connected to wss://gateway.discord.gg
2019-04-25 20:19:59 | [INFO]    | Shard 0 : Received HELLO (gateway-prd-main-8255)
2019-04-25 20:19:59 | [INFO]    | Shard 0 : Received READY (gateway-prd-main-8255, discord-sessions-prd-1-24)
2019-04-25 20:23:25 | [INFO]    | Shard 0 : Disconnected
2019-04-25 20:23:25 | [INFO]    | Shard 0 : Reconnecting after 999 ms...
2019-04-25 20:23:27 | [INFO]    | Shard 0 : Connected to wss://gateway.discord.gg
2019-04-25 20:23:27 | [INFO]    | Shard 0 : Received HELLO (gateway-prd-main-qb58)
2019-04-25 20:23:27 | [INFO]    | Shard 0 : Received RESUMED (gateway-prd-main-qb58, discord-sessions-prd-1-24)
2019-04-25 20:29:19 | [INFO]    | Discordia 2.6.0
2019-04-25 20:29:19 | [INFO]    | Connecting to Discord...
2019-04-25 20:29:20 | [INFO]    | Authenticated as Dredious#4529
2019-04-25 20:29:20 | [INFO]    | Launching shard 0 (1 out of 1)...
2019-04-25 20:29:20 | [INFO]    | Shard 0 : Connected to wss://gateway.discord.gg
2019-04-25 20:29:20 | [INFO]    | Shard 0 : Received HELLO (gateway-prd-main-n3zg)
2019-04-25 20:29:22 | [INFO]    | Shard 0 : Received READY (gateway-prd-main-n3zg, discord-sessions-prd-1-16)
2019-04-25 20:30:36 | [INFO]    | Discordia 2.6.0
2019-04-25 20:30:36 | [INFO]    | Connecting to Discord...
2019-04-25 20:30:37 | [INFO]    | Authenticated as Dredious#4529
2019-04-25 20:30:37 | [INFO]    | Launching shard 0 (1 out of 1)...
2019-04-25 20:30:37 | [INFO]    | Shard 0 : Connected to wss://gateway.discord.gg
2019-04-25 20:30:37 | [INFO]    | Shard 0 : Received HELLO (gateway-prd-main-8255)
2019-04-25 20:30:39 | [INFO]    | Shard 0 : Received READY (gateway-prd-main-8255, discord-sessions-prd-1-11)
2019-04-25 20:31:53 | [INFO]    | Discordia 2.6.0
2019-04-25 20:31:53 | [INFO]    | Connecting to Discord...
2019-04-25 20:31:53 | [INFO]    | Authenticated as Dredious#4529
2019-04-25 20:31:53 | [INFO]    | Launching shard 0 (1 out of 1)...
2019-04-25 20:31:54 | [INFO]    | Shard 0 : Connected to wss://gateway.discord.gg
2019-04-25 20:31:54 | [INFO]    | Shard 0 : Received HELLO (gateway-prd-main-z0zz)
2019-04-25 20:31:55 | [INFO]    | Shard 0 : Received READY (gateway-prd-main-z0zz, discord-sessions-prd-1-19)
2019-04-25 21:18:34 | [INFO]    | Discordia 2.6.0
2019-04-25 21:18:34 | [INFO]    | Connecting to Discord...
2019-04-25 21:18:34 | [INFO]    | Authenticated as Dredious#4529
2019-04-25 21:18:35 | [INFO]    | Launching shard 0 (1 out of 1)...
2019-04-25 21:18:36 | [INFO]    | Shard 0 : Connected to wss://gateway.discord.gg
2019-04-25 21:18:36 | [INFO]    | Shard 0 : Received HELLO (gateway-prd-main-fgf7)
2019-04-25 21:18:36 | [INFO]    | Shard 0 : Received READY (gateway-prd-main-fgf7, discord-sessions-prd-1-24)
2019-04-25 22:13:20 | [INFO]    | Discordia 2.6.0
2019-04-25 22:13:20 | [INFO]    | Connecting to Discord...
2019-04-25 22:13:20 | [INFO]    | Authenticated as Dredious#4529
2019-04-25 22:13:20 | [INFO]    | Launching shard 0 (1 out of 1)...
2019-04-25 22:13:21 | [INFO]    | Shard 0 : Connected to wss://gateway.discord.gg
2019-04-25 22:13:21 | [INFO]    | Shard 0 : Received HELLO (gateway-prd-main-9h15)
2019-04-25 22:13:21 | [INFO]    | Shard 0 : Received READY (gateway-prd-main-9h15, discord-sessions-prd-1-8)
2019-04-25 22:17:11 | [INFO]    | Discordia 2.6.0
2019-04-25 22:17:11 | [INFO]    | Connecting to Discord...
2019-04-25 22:17:11 | [INFO]    | Authenticated as Dredious#4529
2019-04-25 22:17:11 | [INFO]    | Launching shard 0 (1 out of 1)...
2019-04-25 22:17:12 | [INFO]    | Shard 0 : Connected to wss://gateway.discord.gg
2019-04-25 22:17:12 | [INFO]    | Shard 0 : Received HELLO (gateway-prd-main-ln45)
2019-04-25 22:17:12 | [INFO]    | Shard 0 : Received READY (gateway-prd-main-ln45, discord-sessions-prd-1-25)
2019-04-25 22:18:33 | [INFO]    | Discordia 2.6.0
2019-04-25 22:18:33 | [INFO]    | Connecting to Discord...
2019-04-25 22:18:33 | [INFO]    | Authenticated as Dredious#4529
2019-04-25 22:18:33 | [INFO]    | Launching shard 0 (1 out of 1)...
2019-04-25 22:18:34 | [INFO]    | Shard 0 : Connected to wss://gateway.discord.gg
2019-04-25 22:18:34 | [INFO]    | Shard 0 : Received HELLO (gateway-prd-main-klbv)
2019-04-25 22:18:34 | [INFO]    | Shard 0 : Received READY (gateway-prd-main-klbv, discord-sessions-prd-1-28)
2019-04-26 08:34:34 | [INFO]    | Discordia 2.6.0
2019-04-26 08:34:34 | [INFO]    | Connecting to Discord...
2019-04-26 08:34:35 | [INFO]    | Authenticated as Dredious#4529
2019-04-26 08:34:35 | [INFO]    | Launching shard 0 (1 out of 1)...
2019-04-26 08:34:36 | [INFO]    | Shard 0 : Connected to wss://gateway.discord.gg
2019-04-26 08:34:36 | [INFO]    | Shard 0 : Received HELLO (gateway-prd-main-vv9q)
2019-04-26 08:34:36 | [INFO]    | Shard 0 : Received READY (gateway-prd-main-vv9q, discord-sessions-prd-1-5)
2019-04-26 08:36:37 | [INFO]    | Discordia 2.6.0
2019-04-26 08:36:37 | [INFO]    | Connecting to Discord...
2019-04-26 08:36:37 | [INFO]    | Authenticated as Dredious#4529
2019-04-26 08:36:37 | [INFO]    | Launching shard 0 (1 out of 1)...
2019-04-26 08:36:38 | [INFO]    | Shard 0 : Connected to wss://gateway.discord.gg
2019-04-26 08:36:38 | [INFO]    | Shard 0 : Received HELLO (gateway-prd-main-vv9q)
2019-04-26 08:36:38 | [INFO]    | Shard 0 : Received READY (gateway-prd-main-vv9q, discord-sessions-prd-1-28)
2019-04-26 08:40:58 | [INFO]    | Discordia 2.6.0
2019-04-26 08:40:58 | [INFO]    | Connecting to Discord...
2019-04-26 08:40:58 | [INFO]    | Authenticated as Dredious#4529
2019-04-26 08:40:58 | [INFO]    | Launching shard 0 (1 out of 1)...
2019-04-26 08:40:59 | [INFO]    | Shard 0 : Connected to wss://gateway.discord.gg
2019-04-26 08:40:59 | [INFO]    | Shard 0 : Received HELLO (gateway-prd-main-p4lk)
2019-04-26 08:40:59 | [INFO]    | Shard 0 : Received READY (gateway-prd-main-p4lk, discord-sessions-prd-1-7)
2019-04-26 09:12:50 | [INFO]    | Discordia 2.6.0
2019-04-26 09:12:50 | [INFO]    | Connecting to Discord...
2019-04-26 09:12:50 | [INFO]    | Authenticated as Dredious#4529
2019-04-26 09:12:50 | [INFO]    | Launching shard 0 (1 out of 1)...
2019-04-26 09:12:51 | [INFO]    | Shard 0 : Connected to wss://gateway.discord.gg
2019-04-26 09:12:51 | [INFO]    | Shard 0 : Received HELLO (gateway-prd-main-6483)
2019-04-26 09:12:51 | [INFO]    | Shard 0 : Received READY (gateway-prd-main-6483, discord-sessions-prd-1-17)
2019-04-26 09:13:10 | [INFO]    | Discordia 2.6.0
2019-04-26 09:13:10 | [INFO]    | Connecting to Discord...
2019-04-26 09:13:10 | [INFO]    | Authenticated as Dredious#4529
2019-04-26 09:13:10 | [INFO]    | Launching shard 0 (1 out of 1)...
2019-04-26 09:13:11 | [INFO]    | Shard 0 : Connected to wss://gateway.discord.gg
2019-04-26 09:13:11 | [INFO]    | Shard 0 : Received HELLO (gateway-prd-main-9h15)
2019-04-26 09:13:11 | [INFO]    | Shard 0 : Received READY (gateway-prd-main-9h15, discord-sessions-prd-1-17)
2019-04-26 09:13:52 | [INFO]    | Discordia 2.6.0
2019-04-26 09:13:52 | [INFO]    | Connecting to Discord...
2019-04-26 09:13:52 | [INFO]    | Authenticated as Dredious#4529
2019-04-26 09:13:52 | [INFO]    | Launching shard 0 (1 out of 1)...
2019-04-26 09:13:53 | [INFO]    | Shard 0 : Connected to wss://gateway.discord.gg
2019-04-26 09:13:53 | [INFO]    | Shard 0 : Received HELLO (gateway-prd-main-v0r8)
2019-04-26 09:13:54 | [INFO]    | Shard 0 : Received READY (gateway-prd-main-v0r8, discord-sessions-prd-1-11)
2019-04-26 09:15:18 | [INFO]    | Discordia 2.6.0
2019-04-26 09:15:18 | [INFO]    | Connecting to Discord...
2019-04-26 09:15:18 | [INFO]    | Authenticated as Dredious#4529
2019-04-26 09:15:18 | [INFO]    | Launching shard 0 (1 out of 1)...
2019-04-26 09:15:19 | [INFO]    | Shard 0 : Connected to wss://gateway.discord.gg
2019-04-26 09:15:19 | [INFO]    | Shard 0 : Received HELLO (gateway-prd-main-26fh)
2019-04-26 09:15:19 | [INFO]    | Shard 0 : Received READY (gateway-prd-main-26fh, discord-sessions-prd-1-2)
2019-04-26 09:16:43 | [INFO]    | Discordia 2.6.0
2019-04-26 09:16:43 | [INFO]    | Connecting to Discord...
2019-04-26 09:16:44 | [INFO]    | Authenticated as Dredious#4529
2019-04-26 09:16:44 | [INFO]    | Launching shard 0 (1 out of 1)...
2019-04-26 09:16:44 | [INFO]    | Shard 0 : Connected to wss://gateway.discord.gg
2019-04-26 09:16:44 | [INFO]    | Shard 0 : Received HELLO (gateway-prd-main-vt0h)
2019-04-26 09:16:45 | [INFO]    | Shard 0 : Received READY (gateway-prd-main-vt0h, discord-sessions-prd-1-15)
2019-04-26 09:17:35 | [INFO]    | Discordia 2.6.0
2019-04-26 09:17:35 | [INFO]    | Connecting to Discord...
2019-04-26 09:17:35 | [INFO]    | Authenticated as Dredious#4529
2019-04-26 09:17:35 | [INFO]    | Launching shard 0 (1 out of 1)...
2019-04-26 09:17:36 | [INFO]    | Shard 0 : Connected to wss://gateway.discord.gg
2019-04-26 09:17:36 | [INFO]    | Shard 0 : Received HELLO (gateway-prd-main-xt1j)
2019-04-26 09:17:36 | [INFO]    | Shard 0 : Received READY (gateway-prd-main-xt1j, discord-sessions-prd-1-3)
2019-04-26 09:19:11 | [INFO]    | Discordia 2.6.0
2019-04-26 09:19:11 | [INFO]    | Connecting to Discord...
2019-04-26 09:19:11 | [INFO]    | Authenticated as Dredious#4529
2019-04-26 09:19:11 | [INFO]    | Launching shard 0 (1 out of 1)...
2019-04-26 09:19:12 | [INFO]    | Shard 0 : Connected to wss://gateway.discord.gg
2019-04-26 09:19:12 | [INFO]    | Shard 0 : Received HELLO (gateway-prd-main-4br4)
2019-04-26 09:19:12 | [INFO]    | Shard 0 : Received READY (gateway-prd-main-4br4, discord-sessions-prd-1-27)
2019-04-26 09:27:06 | [INFO]    | Discordia 2.6.0
2019-04-26 09:27:06 | [INFO]    | Connecting to Discord...
2019-04-26 09:27:06 | [INFO]    | Authenticated as Dredious#4529
2019-04-26 09:27:06 | [INFO]    | Launching shard 0 (1 out of 1)...
2019-04-26 09:27:07 | [INFO]    | Shard 0 : Connected to wss://gateway.discord.gg
2019-04-26 09:27:07 | [INFO]    | Shard 0 : Received HELLO (gateway-prd-main-m278)
2019-04-26 09:27:07 | [INFO]    | Shard 0 : Received READY (gateway-prd-main-m278, discord-sessions-prd-1-8)
2019-04-26 09:39:43 | [INFO]    | Discordia 2.6.0
2019-04-26 09:39:43 | [INFO]    | Connecting to Discord...
2019-04-26 09:39:43 | [INFO]    | Authenticated as Dredious#4529
2019-04-26 09:39:44 | [INFO]    | Launching shard 0 (1 out of 1)...
2019-04-26 09:39:45 | [INFO]    | Shard 0 : Connected to wss://gateway.discord.gg
2019-04-26 09:39:45 | [INFO]    | Shard 0 : Received HELLO (gateway-prd-main-v0r8)
2019-04-26 09:39:45 | [INFO]    | Shard 0 : Received READY (gateway-prd-main-v0r8, discord-sessions-prd-1-26)
2019-04-26 09:40:04 | [INFO]    | Discordia 2.6.0
2019-04-26 09:40:04 | [INFO]    | Connecting to Discord...
2019-04-26 09:40:05 | [INFO]    | Authenticated as Dredious#4529
2019-04-26 09:40:05 | [INFO]    | Launching shard 0 (1 out of 1)...
2019-04-26 09:40:06 | [INFO]    | Shard 0 : Connected to wss://gateway.discord.gg
2019-04-26 09:40:06 | [INFO]    | Shard 0 : Received HELLO (gateway-prd-main-10mv)
2019-04-26 09:40:06 | [INFO]    | Shard 0 : Received READY (gateway-prd-main-10mv, discord-sessions-prd-1-21)
2019-04-26 09:49:04 | [INFO]    | Discordia 2.6.0
2019-04-26 09:49:04 | [INFO]    | Connecting to Discord...
2019-04-26 09:49:05 | [INFO]    | Authenticated as Dredious#4529
2019-04-26 09:49:05 | [INFO]    | Launching shard 0 (1 out of 1)...
2019-04-26 09:49:05 | [INFO]    | Shard 0 : Connected to wss://gateway.discord.gg
2019-04-26 09:49:05 | [INFO]    | Shard 0 : Received HELLO (gateway-prd-main-6483)
2019-04-26 09:49:05 | [INFO]    | Shard 0 : Received READY (gateway-prd-main-6483, discord-sessions-prd-1-7)
2019-04-26 11:45:39 | [INFO]    | Discordia 2.6.0
2019-04-26 11:45:39 | [INFO]    | Connecting to Discord...
2019-04-26 11:45:39 | [INFO]    | Authenticated as Dredious#4529
2019-04-26 11:45:40 | [INFO]    | Launching shard 0 (1 out of 1)...
2019-04-26 11:45:40 | [INFO]    | Shard 0 : Connected to wss://gateway.discord.gg
2019-04-26 11:45:40 | [INFO]    | Shard 0 : Received HELLO (gateway-prd-main-klbv)
2019-04-26 11:45:41 | [INFO]    | Shard 0 : Received READY (gateway-prd-main-klbv, discord-sessions-prd-1-17)
2019-04-26 11:47:10 | [INFO]    | Discordia 2.6.0
2019-04-26 11:47:10 | [INFO]    | Connecting to Discord...
2019-04-26 11:47:10 | [INFO]    | Authenticated as Dredious#4529
2019-04-26 11:47:10 | [INFO]    | Launching shard 0 (1 out of 1)...
2019-04-26 11:47:11 | [INFO]    | Shard 0 : Connected to wss://gateway.discord.gg
2019-04-26 11:47:11 | [INFO]    | Shard 0 : Received HELLO (gateway-prd-main-bm08)
2019-04-26 11:47:11 | [INFO]    | Shard 0 : Received READY (gateway-prd-main-bm08, discord-sessions-prd-1-11)
2019-04-26 11:48:47 | [INFO]    | Discordia 2.6.0
2019-04-26 11:48:47 | [INFO]    | Connecting to Discord...
2019-04-26 11:48:48 | [INFO]    | Authenticated as Dredious#4529
2019-04-26 11:48:48 | [INFO]    | Launching shard 0 (1 out of 1)...
2019-04-26 11:48:49 | [INFO]    | Shard 0 : Connected to wss://gateway.discord.gg
2019-04-26 11:48:49 | [INFO]    | Shard 0 : Received HELLO (gateway-prd-main-xb3g)
2019-04-26 11:48:49 | [INFO]    | Shard 0 : Received READY (gateway-prd-main-xb3g, discord-sessions-prd-1-26)
2019-04-26 11:49:24 | [INFO]    | Discordia 2.6.0
2019-04-26 11:49:24 | [INFO]    | Connecting to Discord...
2019-04-26 11:49:24 | [INFO]    | Authenticated as Dredious#4529
2019-04-26 11:49:24 | [INFO]    | Launching shard 0 (1 out of 1)...
2019-04-26 11:49:25 | [INFO]    | Shard 0 : Connected to wss://gateway.discord.gg
2019-04-26 11:49:25 | [INFO]    | Shard 0 : Received HELLO (gateway-prd-main-9h15)
2019-04-26 11:49:25 | [INFO]    | Shard 0 : Received READY (gateway-prd-main-9h15, discord-sessions-prd-1-15)
2019-04-26 11:58:35 | [INFO]    | Discordia 2.6.0
2019-04-26 11:58:35 | [INFO]    | Connecting to Discord...
2019-04-26 11:58:35 | [INFO]    | Authenticated as Dredious#4529
2019-04-26 11:58:35 | [INFO]    | Launching shard 0 (1 out of 1)...
2019-04-26 11:58:36 | [INFO]    | Shard 0 : Connected to wss://gateway.discord.gg
2019-04-26 11:58:36 | [INFO]    | Shard 0 : Received HELLO (gateway-prd-main-qv96)
2019-04-26 11:58:39 | [INFO]    | Discordia 2.6.0
2019-04-26 11:58:39 | [INFO]    | Connecting to Discord...
2019-04-26 11:58:39 | [INFO]    | Authenticated as Dredious#4529
2019-04-26 11:58:39 | [INFO]    | Launching shard 0 (1 out of 1)...
2019-04-26 11:58:40 | [INFO]    | Shard 0 : Connected to wss://gateway.discord.gg
2019-04-26 11:58:40 | [INFO]    | Shard 0 : Received HELLO (gateway-prd-main-bvj9)
2019-04-26 11:58:41 | [INFO]    | Shard 0 : Session invalidated, re-identifying...
2019-04-26 11:58:48 | [INFO]    | Shard 0 : Received READY (gateway-prd-main-bvj9, discord-sessions-prd-1-7)
2019-04-26 15:26:46 | [INFO]    | Discordia 2.6.0
2019-04-26 15:26:46 | [INFO]    | Connecting to Discord...
2019-04-26 15:26:46 | [ERROR]   | Could not authenticate, check token: C:/Users/Fadlan/Documents/Dredious/deps/coro-http.lua:74: ECANCELED
2019-04-26 15:27:11 | [INFO]    | Discordia 2.6.0
2019-04-26 15:27:11 | [INFO]    | Connecting to Discord...
2019-04-26 15:27:12 | [INFO]    | Authenticated as Dredious#4529
2019-04-26 15:27:26 | [INFO]    | Discordia 2.6.0
2019-04-26 15:27:26 | [INFO]    | Connecting to Discord...
2019-04-26 15:27:26 | [ERROR]   | Could not authenticate, check token: C:/Users/Fadlan/Documents/Dredious/deps/coro-http.lua:74: ECANCELED
2019-04-26 15:27:37 | [INFO]    | Discordia 2.6.0
2019-04-26 15:27:37 | [INFO]    | Connecting to Discord...
2019-04-26 15:27:48 | [INFO]    | Discordia 2.6.0
2019-04-26 15:27:48 | [INFO]    | Connecting to Discord...
2019-04-26 15:27:48 | [ERROR]   | Could not authenticate, check token: C:/Users/Fadlan/Documents/Dredious/deps/coro-http.lua:74: ECANCELED
2019-04-26 15:27:49 | [INFO]    | Discordia 2.6.0
2019-04-26 15:27:49 | [INFO]    | Connecting to Discord...
2019-04-26 15:27:49 | [ERROR]   | Could not authenticate, check token: C:/Users/Fadlan/Documents/Dredious/deps/coro-http.lua:74: ECANCELED
2019-04-26 15:27:55 | [INFO]    | Discordia 2.6.0
2019-04-26 15:27:55 | [INFO]    | Connecting to Discord...
2019-04-26 15:27:55 | [ERROR]   | Could not authenticate, check token: C:/Users/Fadlan/Documents/Dredious/deps/coro-http.lua:74: ECANCELED
2019-04-26 15:28:42 | [INFO]    | Discordia 2.6.0
2019-04-26 15:28:42 | [INFO]    | Connecting to Discord...
2019-04-26 15:28:57 | [INFO]    | Discordia 2.6.0
2019-04-26 15:28:57 | [INFO]    | Connecting to Discord...
2019-04-26 15:29:46 | [INFO]    | Discordia 2.6.0
2019-04-26 15:29:46 | [INFO]    | Connecting to Discord...
2019-04-26 15:29:59 | [INFO]    | Discordia 2.6.0
2019-04-26 15:29:59 | [INFO]    | Connecting to Discord...
2019-04-26 15:30:26 | [INFO]    | Discordia 2.6.0
2019-04-26 15:30:26 | [INFO]    | Connecting to Discord...
2019-04-26 15:30:26 | [INFO]    | Authenticated as Dredious#4529
2019-04-26 15:30:27 | [INFO]    | Launching shard 0 (1 out of 1)...
2019-04-26 15:30:27 | [INFO]    | Shard 0 : Connected to wss://gateway.discord.gg
2019-04-26 15:30:27 | [INFO]    | Shard 0 : Received HELLO (gateway-prd-main-029q)
2019-04-26 15:30:28 | [INFO]    | Shard 0 : Received READY (gateway-prd-main-029q, discord-sessions-prd-1-8)
2019-04-26 15:37:50 | [INFO]    | Discordia 2.6.0
2019-04-26 15:37:50 | [INFO]    | Connecting to Discord...
2019-04-26 15:37:50 | [INFO]    | Authenticated as Dredious#4529
2019-04-26 15:37:50 | [INFO]    | Launching shard 0 (1 out of 1)...
2019-04-26 15:37:51 | [INFO]    | Shard 0 : Connected to wss://gateway.discord.gg
2019-04-26 15:37:51 | [INFO]    | Shard 0 : Received HELLO (gateway-prd-main-2sw1)
2019-04-26 15:37:51 | [INFO]    | Shard 0 : Received READY (gateway-prd-main-2sw1, discord-sessions-prd-1-19)
2019-04-26 15:38:39 | [INFO]    | Discordia 2.6.0
2019-04-26 15:38:39 | [INFO]    | Connecting to Discord...
2019-04-26 15:38:39 | [INFO]    | Authenticated as Dredious#4529
2019-04-26 15:38:39 | [INFO]    | Launching shard 0 (1 out of 1)...
2019-04-26 15:38:40 | [INFO]    | Shard 0 : Connected to wss://gateway.discord.gg
2019-04-26 15:38:40 | [INFO]    | Shard 0 : Received HELLO (gateway-prd-main-bm08)
2019-04-26 15:38:40 | [INFO]    | Shard 0 : Received READY (gateway-prd-main-bm08, discord-sessions-prd-1-14)
2019-04-26 15:39:35 | [INFO]    | Discordia 2.6.0
2019-04-26 15:39:35 | [INFO]    | Connecting to Discord...
2019-04-26 15:39:36 | [INFO]    | Authenticated as Dredious#4529
2019-04-26 15:39:36 | [INFO]    | Launching shard 0 (1 out of 1)...
2019-04-26 15:39:36 | [INFO]    | Shard 0 : Connected to wss://gateway.discord.gg
2019-04-26 15:39:36 | [INFO]    | Shard 0 : Received HELLO (gateway-prd-main-hq1t)
2019-04-26 15:39:36 | [INFO]    | Shard 0 : Received READY (gateway-prd-main-hq1t, discord-sessions-prd-1-4)
2019-04-26 15:40:00 | [INFO]    | Discordia 2.6.0
2019-04-26 15:40:00 | [INFO]    | Connecting to Discord...
2019-04-26 15:40:01 | [INFO]    | Authenticated as Dredious#4529
2019-04-26 15:40:01 | [INFO]    | Launching shard 0 (1 out of 1)...
2019-04-26 15:40:01 | [INFO]    | Shard 0 : Connected to wss://gateway.discord.gg
2019-04-26 15:40:01 | [INFO]    | Shard 0 : Received HELLO (gateway-prd-main-029q)
2019-04-26 15:40:01 | [INFO]    | Shard 0 : Received READY (gateway-prd-main-029q, discord-sessions-prd-1-4)
2019-04-26 15:40:33 | [INFO]    | Discordia 2.6.0
2019-04-26 15:40:33 | [INFO]    | Connecting to Discord...
2019-04-26 15:40:33 | [INFO]    | Authenticated as Dredious#4529
2019-04-26 15:40:33 | [INFO]    | Launching shard 0 (1 out of 1)...
2019-04-26 15:40:34 | [INFO]    | Shard 0 : Connected to wss://gateway.discord.gg
2019-04-26 15:40:34 | [INFO]    | Shard 0 : Received HELLO (gateway-prd-main-l420)
2019-04-26 15:40:34 | [INFO]    | Shard 0 : Received READY (gateway-prd-main-l420, discord-sessions-prd-1-16)
2019-04-26 15:40:51 | [INFO]    | Discordia 2.6.0
2019-04-26 15:40:51 | [INFO]    | Connecting to Discord...
2019-04-26 15:40:52 | [INFO]    | Authenticated as Dredious#4529
2019-04-26 15:40:52 | [INFO]    | Launching shard 0 (1 out of 1)...
2019-04-26 15:40:52 | [INFO]    | Shard 0 : Connected to wss://gateway.discord.gg
2019-04-26 15:40:52 | [INFO]    | Shard 0 : Received HELLO (gateway-prd-main-xb3g)
2019-04-26 15:40:52 | [INFO]    | Shard 0 : Received READY (gateway-prd-main-xb3g, discord-sessions-prd-1-25)
2019-04-26 15:46:53 | [INFO]    | Discordia 2.6.0
2019-04-26 15:46:53 | [INFO]    | Connecting to Discord...
2019-04-26 15:46:53 | [INFO]    | Authenticated as Dredious#4529
2019-04-26 15:46:53 | [INFO]    | Launching shard 0 (1 out of 1)...
2019-04-26 15:46:54 | [INFO]    | Shard 0 : Connected to wss://gateway.discord.gg
2019-04-26 15:46:54 | [INFO]    | Shard 0 : Received HELLO (gateway-prd-main-vt95)
2019-04-26 15:46:54 | [INFO]    | Shard 0 : Received READY (gateway-prd-main-vt95, discord-sessions-prd-1-2)
2019-04-26 15:49:46 | [INFO]    | Discordia 2.6.0
2019-04-26 15:49:46 | [INFO]    | Connecting to Discord...
2019-04-26 15:49:46 | [INFO]    | Authenticated as Dredious#4529
2019-04-26 15:49:46 | [INFO]    | Launching shard 0 (1 out of 1)...
2019-04-26 15:49:47 | [INFO]    | Shard 0 : Connected to wss://gateway.discord.gg
2019-04-26 15:49:47 | [INFO]    | Shard 0 : Received HELLO (gateway-prd-main-z3p2)
2019-04-26 15:49:47 | [INFO]    | Shard 0 : Received READY (gateway-prd-main-z3p2, discord-sessions-prd-1-29)
2019-04-26 15:52:31 | [INFO]    | Discordia 2.6.0
2019-04-26 15:52:31 | [INFO]    | Connecting to Discord...
2019-04-26 15:52:32 | [INFO]    | Authenticated as Dredious#4529
2019-04-26 15:52:32 | [INFO]    | Launching shard 0 (1 out of 1)...
2019-04-26 15:52:32 | [INFO]    | Shard 0 : Connected to wss://gateway.discord.gg
2019-04-26 15:52:32 | [INFO]    | Shard 0 : Received HELLO (gateway-prd-main-bnfw)
2019-04-26 15:52:33 | [INFO]    | Shard 0 : Received READY (gateway-prd-main-bnfw, discord-sessions-prd-1-30)
2019-04-26 15:56:52 | [INFO]    | Discordia 2.6.0
2019-04-26 15:56:52 | [INFO]    | Connecting to Discord...
2019-04-26 15:56:52 | [INFO]    | Authenticated as Dredious#4529
2019-04-26 15:56:52 | [INFO]    | Launching shard 0 (1 out of 1)...
2019-04-26 15:56:53 | [INFO]    | Shard 0 : Connected to wss://gateway.discord.gg
2019-04-26 15:56:53 | [INFO]    | Shard 0 : Received HELLO (gateway-prd-main-9ln1)
2019-04-26 15:56:53 | [INFO]    | Shard 0 : Received READY (gateway-prd-main-9ln1, discord-sessions-prd-1-1)
2019-04-26 16:08:57 | [INFO]    | Discordia 2.6.0
2019-04-26 16:08:57 | [INFO]    | Connecting to Discord...
2019-04-26 16:08:57 | [INFO]    | Authenticated as Dredious#4529
2019-04-26 16:08:57 | [INFO]    | Launching shard 0 (1 out of 1)...
2019-04-26 16:08:58 | [INFO]    | Shard 0 : Connected to wss://gateway.discord.gg
2019-04-26 16:08:58 | [INFO]    | Shard 0 : Received HELLO (gateway-prd-main-dz6b)
2019-04-26 16:08:58 | [INFO]    | Shard 0 : Received READY (gateway-prd-main-dz6b, discord-sessions-prd-1-16)
2019-04-26 16:10:17 | [INFO]    | Discordia 2.6.0
2019-04-26 16:10:17 | [INFO]    | Connecting to Discord...
2019-04-26 16:10:17 | [INFO]    | Authenticated as Dredious#4529
2019-04-26 16:10:17 | [INFO]    | Launching shard 0 (1 out of 1)...
2019-04-26 16:10:18 | [INFO]    | Shard 0 : Connected to wss://gateway.discord.gg
2019-04-26 16:10:18 | [INFO]    | Shard 0 : Received HELLO (gateway-prd-main-hzjl)
2019-04-26 16:10:18 | [INFO]    | Shard 0 : Received READY (gateway-prd-main-hzjl, discord-sessions-prd-1-4)
2019-04-26 16:11:35 | [INFO]    | Discordia 2.6.0
2019-04-26 16:11:35 | [INFO]    | Connecting to Discord...
2019-04-26 16:11:35 | [INFO]    | Authenticated as Dredious#4529
2019-04-26 16:11:35 | [INFO]    | Launching shard 0 (1 out of 1)...
2019-04-26 16:11:36 | [INFO]    | Shard 0 : Connected to wss://gateway.discord.gg
2019-04-26 16:11:36 | [INFO]    | Shard 0 : Received HELLO (gateway-prd-main-zsf1)
2019-04-26 16:11:37 | [INFO]    | Shard 0 : Received READY (gateway-prd-main-zsf1, discord-sessions-prd-1-28)
2019-04-26 16:12:41 | [INFO]    | Discordia 2.6.0
2019-04-26 16:12:41 | [INFO]    | Connecting to Discord...
2019-04-26 16:12:41 | [INFO]    | Authenticated as Dredious#4529
2019-04-26 16:12:41 | [INFO]    | Launching shard 0 (1 out of 1)...
2019-04-26 16:12:42 | [INFO]    | Shard 0 : Connected to wss://gateway.discord.gg
2019-04-26 16:12:42 | [INFO]    | Shard 0 : Received HELLO (gateway-prd-main-hq1t)
2019-04-26 16:12:42 | [INFO]    | Shard 0 : Received READY (gateway-prd-main-hq1t, discord-sessions-prd-1-26)
2019-04-26 16:27:53 | [INFO]    | Discordia 2.6.0
2019-04-26 16:27:53 | [INFO]    | Connecting to Discord...
2019-04-26 16:27:54 | [INFO]    | Authenticated as Dredious#4529
2019-04-26 16:27:54 | [INFO]    | Launching shard 0 (1 out of 1)...
2019-04-26 16:27:54 | [INFO]    | Shard 0 : Connected to wss://gateway.discord.gg
2019-04-26 16:27:54 | [INFO]    | Shard 0 : Received HELLO (gateway-prd-main-zs49)
2019-04-26 16:27:55 | [INFO]    | Shard 0 : Received READY (gateway-prd-main-zs49, discord-sessions-prd-1-29)
2019-04-26 16:28:11 | [INFO]    | Discordia 2.6.0
2019-04-26 16:28:11 | [INFO]    | Connecting to Discord...
2019-04-26 16:28:11 | [INFO]    | Authenticated as Dredious#4529
2019-04-26 16:28:11 | [INFO]    | Launching shard 0 (1 out of 1)...
2019-04-26 16:28:12 | [INFO]    | Shard 0 : Connected to wss://gateway.discord.gg
2019-04-26 16:28:12 | [INFO]    | Shard 0 : Received HELLO (gateway-prd-main-vt95)
2019-04-26 16:28:12 | [INFO]    | Shard 0 : Received READY (gateway-prd-main-vt95, discord-sessions-prd-1-18)
2019-04-26 16:29:11 | [INFO]    | Discordia 2.6.0
2019-04-26 16:29:11 | [INFO]    | Connecting to Discord...
2019-04-26 16:29:12 | [INFO]    | Authenticated as Dredious#4529
2019-04-26 16:29:12 | [INFO]    | Launching shard 0 (1 out of 1)...
2019-04-26 16:29:13 | [INFO]    | Shard 0 : Connected to wss://gateway.discord.gg
2019-04-26 16:29:13 | [INFO]    | Shard 0 : Received HELLO (gateway-prd-main-767s)
2019-04-26 16:29:13 | [INFO]    | Shard 0 : Received READY (gateway-prd-main-767s, discord-sessions-prd-1-11)
2019-04-26 16:29:49 | [INFO]    | Discordia 2.6.0
2019-04-26 16:29:49 | [INFO]    | Connecting to Discord...
2019-04-26 16:29:50 | [INFO]    | Authenticated as Dredious#4529
2019-04-26 16:29:50 | [INFO]    | Launching shard 0 (1 out of 1)...
2019-04-26 16:29:51 | [INFO]    | Shard 0 : Connected to wss://gateway.discord.gg
2019-04-26 16:29:51 | [INFO]    | Shard 0 : Received HELLO (gateway-prd-main-1lwq)
2019-04-26 16:29:51 | [INFO]    | Shard 0 : Received READY (gateway-prd-main-1lwq, discord-sessions-prd-1-3)
2019-04-26 16:31:46 | [INFO]    | Discordia 2.6.0
2019-04-26 16:31:46 | [INFO]    | Connecting to Discord...
2019-04-26 16:31:47 | [INFO]    | Authenticated as Dredious#4529
2019-04-26 16:31:47 | [INFO]    | Launching shard 0 (1 out of 1)...
2019-04-26 16:31:48 | [INFO]    | Shard 0 : Connected to wss://gateway.discord.gg
2019-04-26 16:31:48 | [INFO]    | Shard 0 : Received HELLO (gateway-prd-main-029q)
2019-04-26 16:31:48 | [INFO]    | Shard 0 : Received READY (gateway-prd-main-029q, discord-sessions-prd-1-4)
2019-04-26 16:55:15 | [INFO]    | Discordia 2.6.0
2019-04-26 16:55:15 | [INFO]    | Connecting to Discord...
2019-04-26 16:55:15 | [INFO]    | Authenticated as Dredious#4529
2019-04-26 16:55:15 | [INFO]    | Launching shard 0 (1 out of 1)...
2019-04-26 16:55:16 | [INFO]    | Shard 0 : Connected to wss://gateway.discord.gg
2019-04-26 16:55:16 | [INFO]    | Shard 0 : Received HELLO (gateway-prd-main-gfs7)
2019-04-26 16:55:16 | [INFO]    | Shard 0 : Received READY (gateway-prd-main-gfs7, discord-sessions-prd-1-29)
2019-04-26 16:56:38 | [INFO]    | Discordia 2.6.0
2019-04-26 16:56:38 | [INFO]    | Connecting to Discord...
2019-04-26 16:56:38 | [INFO]    | Authenticated as Dredious#4529
2019-04-26 16:56:38 | [INFO]    | Launching shard 0 (1 out of 1)...
2019-04-26 16:56:39 | [INFO]    | Shard 0 : Connected to wss://gateway.discord.gg
2019-04-26 16:56:39 | [INFO]    | Shard 0 : Received HELLO (gateway-prd-main-h5b1)
2019-04-26 16:56:39 | [INFO]    | Shard 0 : Received READY (gateway-prd-main-h5b1, discord-sessions-prd-1-10)
2019-04-26 16:58:51 | [INFO]    | Discordia 2.6.0
2019-04-26 16:58:51 | [INFO]    | Connecting to Discord...
2019-04-26 16:58:52 | [INFO]    | Authenticated as Dredious#4529
2019-04-26 16:58:52 | [INFO]    | Launching shard 0 (1 out of 1)...
2019-04-26 16:58:52 | [INFO]    | Shard 0 : Connected to wss://gateway.discord.gg
2019-04-26 16:58:52 | [INFO]    | Shard 0 : Received HELLO (gateway-prd-main-jjr7)
2019-04-26 16:58:53 | [INFO]    | Shard 0 : Received READY (gateway-prd-main-jjr7, discord-sessions-prd-1-9)
2019-04-26 17:02:02 | [INFO]    | Discordia 2.6.0
2019-04-26 17:02:02 | [INFO]    | Connecting to Discord...
2019-04-26 17:02:02 | [INFO]    | Authenticated as Dredious#4529
2019-04-26 17:02:02 | [INFO]    | Launching shard 0 (1 out of 1)...
2019-04-26 17:02:03 | [INFO]    | Shard 0 : Connected to wss://gateway.discord.gg
2019-04-26 17:02:03 | [INFO]    | Shard 0 : Received HELLO (gateway-prd-main-6qdq)
2019-04-26 17:02:03 | [INFO]    | Shard 0 : Received READY (gateway-prd-main-6qdq, discord-sessions-prd-1-8)
2019-04-26 17:02:48 | [INFO]    | Discordia 2.6.0
2019-04-26 17:02:48 | [INFO]    | Connecting to Discord...
2019-04-26 17:02:48 | [INFO]    | Authenticated as Dredious#4529
2019-04-26 17:02:48 | [INFO]    | Launching shard 0 (1 out of 1)...
2019-04-26 17:02:49 | [INFO]    | Shard 0 : Connected to wss://gateway.discord.gg
2019-04-26 17:02:49 | [INFO]    | Shard 0 : Received HELLO (gateway-prd-main-xp0j)
2019-04-26 17:02:49 | [INFO]    | Shard 0 : Received READY (gateway-prd-main-xp0j, discord-sessions-prd-1-13)
2019-04-26 17:20:05 | [INFO]    | Discordia 2.6.0
2019-04-26 17:20:05 | [INFO]    | Connecting to Discord...
2019-04-26 17:20:05 | [INFO]    | Authenticated as Dredious#4529
2019-04-26 17:20:05 | [INFO]    | Launching shard 0 (1 out of 1)...
2019-04-26 17:20:06 | [INFO]    | Shard 0 : Connected to wss://gateway.discord.gg
2019-04-26 17:20:06 | [INFO]    | Shard 0 : Received HELLO (gateway-prd-main-jg92)
2019-04-26 17:20:06 | [INFO]    | Shard 0 : Received READY (gateway-prd-main-jg92, discord-sessions-prd-1-21)
2019-04-26 17:20:21 | [INFO]    | Discordia 2.6.0
2019-04-26 17:20:21 | [INFO]    | Connecting to Discord...
2019-04-26 17:20:22 | [INFO]    | Authenticated as Dredious#4529
2019-04-26 17:20:22 | [INFO]    | Launching shard 0 (1 out of 1)...
2019-04-26 17:20:22 | [INFO]    | Shard 0 : Connected to wss://gateway.discord.gg
2019-04-26 17:20:22 | [INFO]    | Shard 0 : Received HELLO (gateway-prd-main-qrg9)
2019-04-26 17:20:23 | [INFO]    | Shard 0 : Received READY (gateway-prd-main-qrg9, discord-sessions-prd-1-16)
2019-04-26 17:21:13 | [INFO]    | Discordia 2.6.0
2019-04-26 17:21:13 | [INFO]    | Connecting to Discord...
2019-04-26 17:21:14 | [INFO]    | Authenticated as Dredious#4529
2019-04-26 17:21:14 | [INFO]    | Launching shard 0 (1 out of 1)...
2019-04-26 17:21:14 | [INFO]    | Shard 0 : Connected to wss://gateway.discord.gg
2019-04-26 17:21:14 | [INFO]    | Shard 0 : Received HELLO (gateway-prd-main-8zcs)
2019-04-26 17:21:15 | [INFO]    | Shard 0 : Received READY (gateway-prd-main-8zcs, discord-sessions-prd-1-25)
2019-04-26 17:21:30 | [INFO]    | Discordia 2.6.0
2019-04-26 17:21:30 | [INFO]    | Connecting to Discord...
2019-04-26 17:21:31 | [INFO]    | Authenticated as Dredious#4529
2019-04-26 17:21:31 | [INFO]    | Launching shard 0 (1 out of 1)...
2019-04-26 17:21:31 | [INFO]    | Shard 0 : Connected to wss://gateway.discord.gg
2019-04-26 17:21:31 | [INFO]    | Shard 0 : Received HELLO (gateway-prd-main-ln45)
2019-04-26 17:21:32 | [INFO]    | Shard 0 : Received READY (gateway-prd-main-ln45, discord-sessions-prd-1-24)
2019-04-26 17:21:56 | [INFO]    | Discordia 2.6.0
2019-04-26 17:21:56 | [INFO]    | Connecting to Discord...
2019-04-26 17:21:56 | [INFO]    | Authenticated as Dredious#4529
2019-04-26 17:21:56 | [INFO]    | Launching shard 0 (1 out of 1)...
2019-04-26 17:21:57 | [INFO]    | Shard 0 : Connected to wss://gateway.discord.gg
2019-04-26 17:21:57 | [INFO]    | Shard 0 : Received HELLO (gateway-prd-main-z65v)
2019-04-26 17:21:57 | [INFO]    | Shard 0 : Received READY (gateway-prd-main-z65v, discord-sessions-prd-1-28)
2019-04-26 17:34:54 | [INFO]    | Discordia 2.6.0
2019-04-26 17:34:54 | [INFO]    | Connecting to Discord...
2019-04-26 17:34:54 | [INFO]    | Authenticated as Dredious#4529
2019-04-26 17:34:55 | [INFO]    | Launching shard 0 (1 out of 1)...
2019-04-26 17:34:56 | [INFO]    | Shard 0 : Connected to wss://gateway.discord.gg
2019-04-26 17:34:56 | [INFO]    | Shard 0 : Received HELLO (gateway-prd-main-zs49)
2019-04-26 17:34:56 | [INFO]    | Shard 0 : Received READY (gateway-prd-main-zs49, discord-sessions-prd-1-10)
2019-04-26 17:36:46 | [INFO]    | Discordia 2.6.0
2019-04-26 17:36:46 | [INFO]    | Connecting to Discord...
2019-04-26 17:36:47 | [INFO]    | Authenticated as Dredious#4529
2019-04-26 17:36:47 | [INFO]    | Launching shard 0 (1 out of 1)...
2019-04-26 17:36:47 | [INFO]    | Shard 0 : Connected to wss://gateway.discord.gg
2019-04-26 17:36:47 | [INFO]    | Shard 0 : Received HELLO (gateway-prd-main-xt1j)
2019-04-26 17:36:48 | [INFO]    | Shard 0 : Received READY (gateway-prd-main-xt1j, discord-sessions-prd-1-22)
2019-04-26 17:37:49 | [INFO]    | Discordia 2.6.0
2019-04-26 17:37:49 | [INFO]    | Connecting to Discord...
2019-04-26 17:37:49 | [INFO]    | Authenticated as Dredious#4529
2019-04-26 17:37:49 | [INFO]    | Launching shard 0 (1 out of 1)...
2019-04-26 17:37:50 | [INFO]    | Shard 0 : Connected to wss://gateway.discord.gg
2019-04-26 17:37:50 | [INFO]    | Shard 0 : Received HELLO (gateway-prd-main-klbv)
2019-04-26 17:37:50 | [INFO]    | Shard 0 : Received READY (gateway-prd-main-klbv, discord-sessions-prd-1-10)
2019-04-26 18:11:05 | [INFO]    | Discordia 2.6.0
2019-04-26 18:11:05 | [INFO]    | Connecting to Discord...
2019-04-26 18:11:05 | [INFO]    | Authenticated as Dredious#4529
2019-04-26 18:11:05 | [INFO]    | Launching shard 0 (1 out of 1)...
2019-04-26 18:11:06 | [INFO]    | Shard 0 : Connected to wss://gateway.discord.gg
2019-04-26 18:11:06 | [INFO]    | Shard 0 : Received HELLO (gateway-prd-main-0q5p)
2019-04-26 18:11:07 | [INFO]    | Shard 0 : Received READY (gateway-prd-main-0q5p, discord-sessions-prd-1-21)
2019-04-26 20:49:43 | [INFO]    | Discordia 2.6.0
2019-04-26 20:49:43 | [INFO]    | Connecting to Discord...
2019-04-26 20:49:43 | [INFO]    | Authenticated as Dredious#4529
2019-04-26 20:49:44 | [INFO]    | Launching shard 0 (1 out of 1)...
2019-04-26 20:49:45 | [INFO]    | Shard 0 : Connected to wss://gateway.discord.gg
2019-04-26 20:49:45 | [INFO]    | Shard 0 : Received HELLO (gateway-prd-main-vv9q)
2019-04-26 20:49:45 | [INFO]    | Shard 0 : Received READY (gateway-prd-main-vv9q, discord-sessions-prd-1-21)
2019-04-26 20:50:29 | [INFO]    | Discordia 2.6.0
2019-04-26 20:50:29 | [INFO]    | Connecting to Discord...
2019-04-26 20:50:29 | [INFO]    | Authenticated as Dredious#4529
2019-04-26 20:50:29 | [INFO]    | Launching shard 0 (1 out of 1)...
2019-04-26 20:50:30 | [INFO]    | Shard 0 : Connected to wss://gateway.discord.gg
2019-04-26 20:50:30 | [INFO]    | Shard 0 : Received HELLO (gateway-prd-main-029q)
2019-04-26 20:50:30 | [INFO]    | Shard 0 : Received READY (gateway-prd-main-029q, discord-sessions-prd-1-7)
2019-04-26 20:51:08 | [INFO]    | Discordia 2.6.0
2019-04-26 20:51:08 | [INFO]    | Connecting to Discord...
2019-04-26 20:51:08 | [INFO]    | Authenticated as Dredious#4529
2019-04-26 20:51:08 | [INFO]    | Launching shard 0 (1 out of 1)...
2019-04-26 20:51:09 | [INFO]    | Shard 0 : Connected to wss://gateway.discord.gg
2019-04-26 20:51:09 | [INFO]    | Shard 0 : Received HELLO (gateway-prd-main-jg92)
2019-04-26 20:51:09 | [INFO]    | Shard 0 : Received READY (gateway-prd-main-jg92, discord-sessions-prd-1-3)
2019-04-26 20:51:58 | [INFO]    | Discordia 2.6.0
2019-04-26 20:51:58 | [INFO]    | Connecting to Discord...
2019-04-26 20:51:58 | [INFO]    | Authenticated as Dredious#4529
2019-04-26 20:51:58 | [INFO]    | Launching shard 0 (1 out of 1)...
2019-04-26 20:51:59 | [INFO]    | Shard 0 : Connected to wss://gateway.discord.gg
2019-04-26 20:51:59 | [INFO]    | Shard 0 : Received HELLO (gateway-prd-main-bvj9)
2019-04-26 20:51:59 | [INFO]    | Shard 0 : Received READY (gateway-prd-main-bvj9, discord-sessions-prd-1-12)
2019-04-26 20:53:24 | [INFO]    | Discordia 2.6.0
2019-04-26 20:53:24 | [INFO]    | Connecting to Discord...
2019-04-26 20:53:25 | [INFO]    | Authenticated as Dredious#4529
2019-04-26 20:53:25 | [INFO]    | Launching shard 0 (1 out of 1)...
2019-04-26 20:53:25 | [INFO]    | Shard 0 : Connected to wss://gateway.discord.gg
2019-04-26 20:53:25 | [INFO]    | Shard 0 : Received HELLO (gateway-prd-main-s47l)
2019-04-26 20:53:26 | [INFO]    | Shard 0 : Received READY (gateway-prd-main-s47l, discord-sessions-prd-1-29)
2019-04-26 20:56:10 | [INFO]    | Discordia 2.6.0
2019-04-26 20:56:10 | [INFO]    | Connecting to Discord...
2019-04-26 20:56:11 | [INFO]    | Authenticated as Dredious#4529
2019-04-26 20:56:11 | [INFO]    | Launching shard 0 (1 out of 1)...
2019-04-26 20:56:11 | [INFO]    | Shard 0 : Connected to wss://gateway.discord.gg
2019-04-26 20:56:11 | [INFO]    | Shard 0 : Received HELLO (gateway-prd-main-jjr7)
2019-04-26 20:56:14 | [INFO]    | Shard 0 : Received READY (gateway-prd-main-jjr7, discord-sessions-prd-1-6)
2019-04-26 21:02:42 | [INFO]    | Discordia 2.6.0
2019-04-26 21:02:42 | [INFO]    | Connecting to Discord...
2019-04-26 21:02:42 | [INFO]    | Authenticated as Dredious#4529
2019-04-26 21:02:42 | [INFO]    | Launching shard 0 (1 out of 1)...
2019-04-26 21:02:43 | [INFO]    | Shard 0 : Connected to wss://gateway.discord.gg
2019-04-26 21:02:43 | [INFO]    | Shard 0 : Received HELLO (gateway-prd-main-h2rq)
2019-04-26 21:02:43 | [INFO]    | Shard 0 : Received READY (gateway-prd-main-h2rq, discord-sessions-prd-1-13)
2019-04-26 21:03:21 | [INFO]    | Discordia 2.6.0
2019-04-26 21:03:21 | [INFO]    | Connecting to Discord...
2019-04-26 21:03:21 | [INFO]    | Authenticated as Dredious#4529
2019-04-26 21:03:21 | [INFO]    | Launching shard 0 (1 out of 1)...
2019-04-26 21:03:22 | [INFO]    | Shard 0 : Connected to wss://gateway.discord.gg
2019-04-26 21:03:22 | [INFO]    | Shard 0 : Received HELLO (gateway-prd-main-26sm)
2019-04-26 21:03:22 | [INFO]    | Shard 0 : Received READY (gateway-prd-main-26sm, discord-sessions-prd-1-1)
2019-04-26 21:04:18 | [INFO]    | Discordia 2.6.0
2019-04-26 21:04:18 | [INFO]    | Connecting to Discord...
2019-04-26 21:04:19 | [INFO]    | Authenticated as Dredious#4529
2019-04-26 21:04:19 | [INFO]    | Launching shard 0 (1 out of 1)...
2019-04-26 21:04:19 | [INFO]    | Shard 0 : Connected to wss://gateway.discord.gg
2019-04-26 21:04:19 | [INFO]    | Shard 0 : Received HELLO (gateway-prd-main-ln45)
2019-04-26 21:04:20 | [INFO]    | Shard 0 : Received READY (gateway-prd-main-ln45, discord-sessions-prd-1-23)
2019-04-26 21:05:10 | [INFO]    | Discordia 2.6.0
2019-04-26 21:05:10 | [INFO]    | Connecting to Discord...
2019-04-26 21:05:11 | [INFO]    | Authenticated as Dredious#4529
2019-04-26 21:05:11 | [INFO]    | Launching shard 0 (1 out of 1)...
2019-04-26 21:05:11 | [INFO]    | Shard 0 : Connected to wss://gateway.discord.gg
2019-04-26 21:05:11 | [INFO]    | Shard 0 : Received HELLO (gateway-prd-main-4br4)
2019-04-26 21:05:12 | [INFO]    | Shard 0 : Received READY (gateway-prd-main-4br4, discord-sessions-prd-1-12)
2019-04-26 21:08:58 | [INFO]    | Discordia 2.6.0
2019-04-26 21:08:58 | [INFO]    | Connecting to Discord...
2019-04-26 21:08:59 | [INFO]    | Authenticated as Dredious#4529
2019-04-26 21:08:59 | [INFO]    | Launching shard 0 (1 out of 1)...
2019-04-26 21:08:59 | [INFO]    | Shard 0 : Connected to wss://gateway.discord.gg
2019-04-26 21:08:59 | [INFO]    | Shard 0 : Received HELLO (gateway-prd-main-zsf1)
2019-04-26 21:09:00 | [INFO]    | Shard 0 : Received READY (gateway-prd-main-zsf1, discord-sessions-prd-1-18)
2019-04-26 21:09:38 | [INFO]    | Discordia 2.6.0
2019-04-26 21:09:38 | [INFO]    | Connecting to Discord...
2019-04-26 21:09:38 | [INFO]    | Authenticated as Dredious#4529
2019-04-26 21:09:38 | [INFO]    | Launching shard 0 (1 out of 1)...
2019-04-26 21:09:39 | [INFO]    | Shard 0 : Connected to wss://gateway.discord.gg
2019-04-26 21:09:39 | [INFO]    | Shard 0 : Received HELLO (gateway-prd-main-2sw1)
2019-04-26 21:09:39 | [INFO]    | Shard 0 : Received READY (gateway-prd-main-2sw1, discord-sessions-prd-1-1)
2019-04-26 21:10:44 | [INFO]    | Discordia 2.6.0
2019-04-26 21:10:44 | [INFO]    | Connecting to Discord...
2019-04-26 21:10:44 | [INFO]    | Authenticated as Dredious#4529
2019-04-26 21:10:44 | [INFO]    | Launching shard 0 (1 out of 1)...
2019-04-26 21:10:45 | [INFO]    | Shard 0 : Connected to wss://gateway.discord.gg
2019-04-26 21:10:45 | [INFO]    | Shard 0 : Received HELLO (gateway-prd-main-vv9q)
2019-04-26 21:10:45 | [INFO]    | Shard 0 : Received READY (gateway-prd-main-vv9q, discord-sessions-prd-1-30)
2019-04-26 21:12:02 | [INFO]    | Discordia 2.6.0
2019-04-26 21:12:02 | [INFO]    | Connecting to Discord...
2019-04-26 21:12:02 | [INFO]    | Authenticated as Dredious#4529
2019-04-26 21:12:02 | [INFO]    | Launching shard 0 (1 out of 1)...
2019-04-26 21:12:03 | [INFO]    | Shard 0 : Connected to wss://gateway.discord.gg
2019-04-26 21:12:03 | [INFO]    | Shard 0 : Received HELLO (gateway-prd-main-kccm)
2019-04-26 21:12:03 | [INFO]    | Shard 0 : Received READY (gateway-prd-main-kccm, discord-sessions-prd-1-16)
2019-04-26 21:13:07 | [INFO]    | Discordia 2.6.0
2019-04-26 21:13:07 | [INFO]    | Connecting to Discord...
2019-04-26 21:13:07 | [INFO]    | Authenticated as Dredious#4529
2019-04-26 21:13:07 | [INFO]    | Launching shard 0 (1 out of 1)...
2019-04-26 21:13:08 | [INFO]    | Shard 0 : Connected to wss://gateway.discord.gg
2019-04-26 21:13:08 | [INFO]    | Shard 0 : Received HELLO (gateway-prd-main-cdd3)
2019-04-26 21:13:09 | [INFO]    | Shard 0 : Received READY (gateway-prd-main-cdd3, discord-sessions-prd-1-14)
2019-04-26 21:17:23 | [INFO]    | Discordia 2.6.0
2019-04-26 21:17:23 | [INFO]    | Connecting to Discord...
2019-04-26 21:17:23 | [INFO]    | Authenticated as Dredious#4529
2019-04-26 21:17:23 | [INFO]    | Launching shard 0 (1 out of 1)...
2019-04-26 21:17:24 | [INFO]    | Shard 0 : Connected to wss://gateway.discord.gg
2019-04-26 21:17:24 | [INFO]    | Shard 0 : Received HELLO (gateway-prd-main-p4lk)
2019-04-26 21:17:24 | [INFO]    | Shard 0 : Received READY (gateway-prd-main-p4lk, discord-sessions-prd-1-1)
2019-04-26 21:21:40 | [INFO]    | Discordia 2.6.0
2019-04-26 21:21:40 | [INFO]    | Connecting to Discord...
2019-04-26 21:21:41 | [INFO]    | Authenticated as Dredious#4529
2019-04-26 21:21:41 | [INFO]    | Launching shard 0 (1 out of 1)...
2019-04-26 21:21:41 | [INFO]    | Shard 0 : Connected to wss://gateway.discord.gg
2019-04-26 21:21:41 | [INFO]    | Shard 0 : Received HELLO (gateway-prd-main-hzjl)
2019-04-26 21:21:41 | [INFO]    | Shard 0 : Received READY (gateway-prd-main-hzjl, discord-sessions-prd-1-24)
2019-04-26 21:22:30 | [INFO]    | Discordia 2.6.0
2019-04-26 21:22:30 | [INFO]    | Connecting to Discord...
2019-04-26 21:22:30 | [INFO]    | Authenticated as Dredious#4529
2019-04-26 21:22:30 | [INFO]    | Launching shard 0 (1 out of 1)...
2019-04-26 21:22:31 | [INFO]    | Shard 0 : Connected to wss://gateway.discord.gg
2019-04-26 21:22:31 | [INFO]    | Shard 0 : Received HELLO (gateway-prd-main-5f9l)
2019-04-26 21:22:32 | [INFO]    | Shard 0 : Received READY (gateway-prd-main-5f9l, discord-sessions-prd-1-2)
2019-04-26 21:25:03 | [INFO]    | Discordia 2.6.0
2019-04-26 21:25:03 | [INFO]    | Connecting to Discord...
2019-04-26 21:25:03 | [INFO]    | Authenticated as Dredious#4529
2019-04-26 21:25:03 | [INFO]    | Launching shard 0 (1 out of 1)...
2019-04-26 21:25:04 | [INFO]    | Shard 0 : Connected to wss://gateway.discord.gg
2019-04-26 21:25:04 | [INFO]    | Shard 0 : Received HELLO (gateway-prd-main-5f9l)
2019-04-26 21:25:04 | [INFO]    | Shard 0 : Received READY (gateway-prd-main-5f9l, discord-sessions-prd-1-24)
2019-04-26 21:27:49 | [INFO]    | Discordia 2.6.0
2019-04-26 21:27:49 | [INFO]    | Connecting to Discord...
2019-04-26 21:27:49 | [INFO]    | Authenticated as Dredious#4529
2019-04-26 21:27:49 | [INFO]    | Launching shard 0 (1 out of 1)...
2019-04-26 21:27:50 | [INFO]    | Shard 0 : Connected to wss://gateway.discord.gg
2019-04-26 21:27:50 | [INFO]    | Shard 0 : Received HELLO (gateway-prd-main-9h15)
2019-04-26 21:27:50 | [INFO]    | Shard 0 : Received READY (gateway-prd-main-9h15, discord-sessions-prd-1-28)
